============================= test session starts =============================
platform win32 -- Python 3.14.3, pytest-9.0.3, pluggy-1.6.0 -- D:\NewE\College\Project\project-brain\env\Scripts\python.exe
cachedir: .pytest_cache
rootdir: D:\NewE\College\Project\project-brain
configfile: pyproject.toml
plugins: cov-7.1.0
collecting ... collected 641 items / 707 errors

=================================== ERRORS ====================================
_ ERROR collecting repo-testing/repos/medium_fastapi/docs_src/app_testing/app_a_py310/test_main.py _
ImportError while importing test module 'D:\NewE\College\Project\project-brain\repo-testing\repos\medium_fastapi\docs_src\app_testing\app_a_py310\test_main.py'.
Hint: make sure your test modules/packages have valid Python names.
Traceback:
C:\Python314\Lib\importlib\__init__.py:88: in import_module
    return _bootstrap._gcd_import(name[level:], package, level)
           ^^^^^^^^^^^^^^^^^^^^^^^^^^^^^^^^^^^^^^^^^^^^^^^^^^^^
repo-testing\repos\medium_fastapi\docs_src\app_testing\app_a_py310\test_main.py:1: in <module>
    from fastapi.testclient import TestClient
E   ModuleNotFoundError: No module named 'fastapi'
_ ERROR collecting repo-testing/repos/medium_fastapi/docs_src/app_testing/app_b_an_py310/test_main.py _
ImportError while importing test module 'D:\NewE\College\Project\project-brain\repo-testing\repos\medium_fastapi\docs_src\app_testing\app_b_an_py310\test_main.py'.
Hint: make sure your test modules/packages have valid Python names.
Traceback:
C:\Python314\Lib\importlib\__init__.py:88: in import_module
    return _bootstrap._gcd_import(name[level:], package, level)
           ^^^^^^^^^^^^^^^^^^^^^^^^^^^^^^^^^^^^^^^^^^^^^^^^^^^^
repo-testing\repos\medium_fastapi\docs_src\app_testing\app_b_an_py310\test_main.py:1: in <module>
    from fastapi.testclient import TestClient
E   ModuleNotFoundError: No module named 'fastapi'
_ ERROR collecting repo-testing/repos/medium_fastapi/docs_src/app_testing/app_b_py310/test_main.py _
ImportError while importing test module 'D:\NewE\College\Project\project-brain\repo-testing\repos\medium_fastapi\docs_src\app_testing\app_b_py310\test_main.py'.
Hint: make sure your test modules/packages have valid Python names.
Traceback:
C:\Python314\Lib\importlib\__init__.py:88: in import_module
    return _bootstrap._gcd_import(name[level:], package, level)
           ^^^^^^^^^^^^^^^^^^^^^^^^^^^^^^^^^^^^^^^^^^^^^^^^^^^^
repo-testing\repos\medium_fastapi\docs_src\app_testing\app_b_py310\test_main.py:1: in <module>
    from fastapi.testclient import TestClient
E   ModuleNotFoundError: No module named 'fastapi'
_ ERROR collecting repo-testing/repos/medium_fastapi/docs_src/async_tests/app_a_py310/test_main.py _
ImportError while importing test module 'D:\NewE\College\Project\project-brain\repo-testing\repos\medium_fastapi\docs_src\async_tests\app_a_py310\test_main.py'.
Hint: make sure your test modules/packages have valid Python names.
Traceback:
C:\Python314\Lib\importlib\__init__.py:88: in import_module
    return _bootstrap._gcd_import(name[level:], package, level)
           ^^^^^^^^^^^^^^^^^^^^^^^^^^^^^^^^^^^^^^^^^^^^^^^^^^^^
repo-testing\repos\medium_fastapi\docs_src\async_tests\app_a_py310\test_main.py:2: in <module>
    from httpx import ASGITransport, AsyncClient
E   ModuleNotFoundError: No module named 'httpx'
_ ERROR collecting repo-testing/repos/medium_fastapi/docs_src/settings/app02_an_py310/test_main.py _
ImportError while importing test module 'D:\NewE\College\Project\project-brain\repo-testing\repos\medium_fastapi\docs_src\settings\app02_an_py310\test_main.py'.
Hint: make sure your test modules/packages have valid Python names.
Traceback:
C:\Python314\Lib\importlib\__init__.py:88: in import_module
    return _bootstrap._gcd_import(name[level:], package, level)
           ^^^^^^^^^^^^^^^^^^^^^^^^^^^^^^^^^^^^^^^^^^^^^^^^^^^^
repo-testing\repos\medium_fastapi\docs_src\settings\app02_an_py310\test_main.py:1: in <module>
    from fastapi.testclient import TestClient
E   ModuleNotFoundError: No module named 'fastapi'
_ ERROR collecting repo-testing/repos/medium_fastapi/docs_src/settings/app02_py310/test_main.py _
ImportError while importing test module 'D:\NewE\College\Project\project-brain\repo-testing\repos\medium_fastapi\docs_src\settings\app02_py310\test_main.py'.
Hint: make sure your test modules/packages have valid Python names.
Traceback:
C:\Python314\Lib\importlib\__init__.py:88: in import_module
    return _bootstrap._gcd_import(name[level:], package, level)
           ^^^^^^^^^^^^^^^^^^^^^^^^^^^^^^^^^^^^^^^^^^^^^^^^^^^^
repo-testing\repos\medium_fastapi\docs_src\settings\app02_py310\test_main.py:1: in <module>
    from fastapi.testclient import TestClient
E   ModuleNotFoundError: No module named 'fastapi'
_ ERROR collecting repo-testing/repos/medium_fastapi/scripts/tests/test_translation_fixer/test_code_blocks/test_code_blocks_lines_number_mismatch.py _
ImportError while importing test module 'D:\NewE\College\Project\project-brain\repo-testing\repos\medium_fastapi\scripts\tests\test_translation_fixer\test_code_blocks\test_code_blocks_lines_number_mismatch.py'.
Hint: make sure your test modules/packages have valid Python names.
Traceback:
C:\Python314\Lib\importlib\__init__.py:88: in import_module
    return _bootstrap._gcd_import(name[level:], package, level)
           ^^^^^^^^^^^^^^^^^^^^^^^^^^^^^^^^^^^^^^^^^^^^^^^^^^^^
repo-testing\repos\medium_fastapi\scripts\tests\test_translation_fixer\test_code_blocks\test_code_blocks_lines_number_mismatch.py:6: in <module>
    from scripts.translation_fixer import cli
E   ModuleNotFoundError: No module named 'scripts'
_ ERROR collecting repo-testing/repos/medium_fastapi/scripts/tests/test_translation_fixer/test_code_blocks/test_code_blocks_mermaid.py _
ImportError while importing test module 'D:\NewE\College\Project\project-brain\repo-testing\repos\medium_fastapi\scripts\tests\test_translation_fixer\test_code_blocks\test_code_blocks_mermaid.py'.
Hint: make sure your test modules/packages have valid Python names.
Traceback:
C:\Python314\Lib\importlib\__init__.py:88: in import_module
    return _bootstrap._gcd_import(name[level:], package, level)
           ^^^^^^^^^^^^^^^^^^^^^^^^^^^^^^^^^^^^^^^^^^^^^^^^^^^^
repo-testing\repos\medium_fastapi\scripts\tests\test_translation_fixer\test_code_blocks\test_code_blocks_mermaid.py:6: in <module>
    from scripts.translation_fixer import cli
E   ModuleNotFoundError: No module named 'scripts'
_ ERROR collecting repo-testing/repos/medium_fastapi/scripts/tests/test_translation_fixer/test_code_blocks/test_code_blocks_number_mismatch.py _
ImportError while importing test module 'D:\NewE\College\Project\project-brain\repo-testing\repos\medium_fastapi\scripts\tests\test_translation_fixer\test_code_blocks\test_code_blocks_number_mismatch.py'.
Hint: make sure your test modules/packages have valid Python names.
Traceback:
C:\Python314\Lib\importlib\__init__.py:88: in import_module
    return _bootstrap._gcd_import(name[level:], package, level)
           ^^^^^^^^^^^^^^^^^^^^^^^^^^^^^^^^^^^^^^^^^^^^^^^^^^^^
repo-testing\repos\medium_fastapi\scripts\tests\test_translation_fixer\test_code_blocks\test_code_blocks_number_mismatch.py:6: in <module>
    from scripts.translation_fixer import cli
E   ModuleNotFoundError: No module named 'scripts'
_ ERROR collecting repo-testing/repos/medium_fastapi/scripts/tests/test_translation_fixer/test_code_blocks/test_code_blocks_wrong_lang_code.py _
ImportError while importing test module 'D:\NewE\College\Project\project-brain\repo-testing\repos\medium_fastapi\scripts\tests\test_translation_fixer\test_code_blocks\test_code_blocks_wrong_lang_code.py'.
Hint: make sure your test modules/packages have valid Python names.
Traceback:
C:\Python314\Lib\importlib\__init__.py:88: in import_module
    return _bootstrap._gcd_import(name[level:], package, level)
           ^^^^^^^^^^^^^^^^^^^^^^^^^^^^^^^^^^^^^^^^^^^^^^^^^^^^
repo-testing\repos\medium_fastapi\scripts\tests\test_translation_fixer\test_code_blocks\test_code_blocks_wrong_lang_code.py:6: in <module>
    from scripts.translation_fixer import cli
E   ModuleNotFoundError: No module named 'scripts'
_ ERROR collecting repo-testing/repos/medium_fastapi/scripts/tests/test_translation_fixer/test_code_includes/test_number_mismatch.py _
ImportError while importing test module 'D:\NewE\College\Project\project-brain\repo-testing\repos\medium_fastapi\scripts\tests\test_translation_fixer\test_code_includes\test_number_mismatch.py'.
Hint: make sure your test modules/packages have valid Python names.
Traceback:
C:\Python314\Lib\importlib\__init__.py:88: in import_module
    return _bootstrap._gcd_import(name[level:], package, level)
           ^^^^^^^^^^^^^^^^^^^^^^^^^^^^^^^^^^^^^^^^^^^^^^^^^^^^
repo-testing\repos\medium_fastapi\scripts\tests\test_translation_fixer\test_code_includes\test_number_mismatch.py:6: in <module>
    from scripts.translation_fixer import cli
E   ModuleNotFoundError: No module named 'scripts'
_ ERROR collecting repo-testing/repos/medium_fastapi/scripts/tests/test_translation_fixer/test_complex_doc/test_compex_doc.py _
ImportError while importing test module 'D:\NewE\College\Project\project-brain\repo-testing\repos\medium_fastapi\scripts\tests\test_translation_fixer\test_complex_doc\test_compex_doc.py'.
Hint: make sure your test modules/packages have valid Python names.
Traceback:
C:\Python314\Lib\importlib\__init__.py:88: in import_module
    return _bootstrap._gcd_import(name[level:], package, level)
           ^^^^^^^^^^^^^^^^^^^^^^^^^^^^^^^^^^^^^^^^^^^^^^^^^^^^
repo-testing\repos\medium_fastapi\scripts\tests\test_translation_fixer\test_complex_doc\test_compex_doc.py:6: in <module>
    from scripts.translation_fixer import cli
E   ModuleNotFoundError: No module named 'scripts'
_ ERROR collecting repo-testing/repos/medium_fastapi/scripts/tests/test_translation_fixer/test_header_permalinks/test_header_level_mismatch.py _
ImportError while importing test module 'D:\NewE\College\Project\project-brain\repo-testing\repos\medium_fastapi\scripts\tests\test_translation_fixer\test_header_permalinks\test_header_level_mismatch.py'.
Hint: make sure your test modules/packages have valid Python names.
Traceback:
C:\Python314\Lib\importlib\__init__.py:88: in import_module
    return _bootstrap._gcd_import(name[level:], package, level)
           ^^^^^^^^^^^^^^^^^^^^^^^^^^^^^^^^^^^^^^^^^^^^^^^^^^^^
repo-testing\repos\medium_fastapi\scripts\tests\test_translation_fixer\test_header_permalinks\test_header_level_mismatch.py:6: in <module>
    from scripts.translation_fixer import cli
E   ModuleNotFoundError: No module named 'scripts'
_ ERROR collecting repo-testing/repos/medium_fastapi/scripts/tests/test_translation_fixer/test_header_permalinks/test_header_number_mismatch.py _
ImportError while importing test module 'D:\NewE\College\Project\project-brain\repo-testing\repos\medium_fastapi\scripts\tests\test_translation_fixer\test_header_permalinks\test_header_number_mismatch.py'.
Hint: make sure your test modules/packages have valid Python names.
Traceback:
C:\Python314\Lib\importlib\__init__.py:88: in import_module
    return _bootstrap._gcd_import(name[level:], package, level)
           ^^^^^^^^^^^^^^^^^^^^^^^^^^^^^^^^^^^^^^^^^^^^^^^^^^^^
repo-testing\repos\medium_fastapi\scripts\tests\test_translation_fixer\test_header_permalinks\test_header_number_mismatch.py:6: in <module>
    from scripts.translation_fixer import cli
E   ModuleNotFoundError: No module named 'scripts'
_ ERROR collecting repo-testing/repos/medium_fastapi/scripts/tests/test_translation_fixer/test_html_links/test_html_links_number_mismatch.py _
ImportError while importing test module 'D:\NewE\College\Project\project-brain\repo-testing\repos\medium_fastapi\scripts\tests\test_translation_fixer\test_html_links\test_html_links_number_mismatch.py'.
Hint: make sure your test modules/packages have valid Python names.
Traceback:
C:\Python314\Lib\importlib\__init__.py:88: in import_module
    return _bootstrap._gcd_import(name[level:], package, level)
           ^^^^^^^^^^^^^^^^^^^^^^^^^^^^^^^^^^^^^^^^^^^^^^^^^^^^
repo-testing\repos\medium_fastapi\scripts\tests\test_translation_fixer\test_html_links\test_html_links_number_mismatch.py:6: in <module>
    from scripts.translation_fixer import cli
E   ModuleNotFoundError: No module named 'scripts'
_ ERROR collecting repo-testing/repos/medium_fastapi/scripts/tests/test_translation_fixer/test_markdown_links/test_mkd_links_number_mismatch.py _
ImportError while importing test module 'D:\NewE\College\Project\project-brain\repo-testing\repos\medium_fastapi\scripts\tests\test_translation_fixer\test_markdown_links\test_mkd_links_number_mismatch.py'.
Hint: make sure your test modules/packages have valid Python names.
Traceback:
C:\Python314\Lib\importlib\__init__.py:88: in import_module
    return _bootstrap._gcd_import(name[level:], package, level)
           ^^^^^^^^^^^^^^^^^^^^^^^^^^^^^^^^^^^^^^^^^^^^^^^^^^^^
repo-testing\repos\medium_fastapi\scripts\tests\test_translation_fixer\test_markdown_links\test_mkd_links_number_mismatch.py:6: in <module>
    from scripts.translation_fixer import cli
E   ModuleNotFoundError: No module named 'scripts'
_ ERROR collecting repo-testing/repos/medium_fastapi/tests/benchmarks/test_general_performance.py _
ImportError while importing test module 'D:\NewE\College\Project\project-brain\repo-testing\repos\medium_fastapi\tests\benchmarks\test_general_performance.py'.
Hint: make sure your test modules/packages have valid Python names.
Traceback:
C:\Python314\Lib\importlib\__init__.py:88: in import_module
    return _bootstrap._gcd_import(name[level:], package, level)
           ^^^^^^^^^^^^^^^^^^^^^^^^^^^^^^^^^^^^^^^^^^^^^^^^^^^^
E   ModuleNotFoundError: No module named 'tests.benchmarks'
_ ERROR collecting repo-testing/repos/medium_fastapi/tests/test_additional_properties.py _
ImportError while importing test module 'D:\NewE\College\Project\project-brain\repo-testing\repos\medium_fastapi\tests\test_additional_properties.py'.
Hint: make sure your test modules/packages have valid Python names.
Traceback:
C:\Python314\Lib\importlib\__init__.py:88: in import_module
    return _bootstrap._gcd_import(name[level:], package, level)
           ^^^^^^^^^^^^^^^^^^^^^^^^^^^^^^^^^^^^^^^^^^^^^^^^^^^^
E   ModuleNotFoundError: No module named 'tests.test_additional_properties'
_ ERROR collecting repo-testing/repos/medium_fastapi/tests/test_additional_properties_bool.py _
ImportError while importing test module 'D:\NewE\College\Project\project-brain\repo-testing\repos\medium_fastapi\tests\test_additional_properties_bool.py'.
Hint: make sure your test modules/packages have valid Python names.
Traceback:
C:\Python314\Lib\importlib\__init__.py:88: in import_module
    return _bootstrap._gcd_import(name[level:], package, level)
           ^^^^^^^^^^^^^^^^^^^^^^^^^^^^^^^^^^^^^^^^^^^^^^^^^^^^
E   ModuleNotFoundError: No module named 'tests.test_additional_properties_bool'
_ ERROR collecting repo-testing/repos/medium_fastapi/tests/test_additional_response_extra.py _
ImportError while importing test module 'D:\NewE\College\Project\project-brain\repo-testing\repos\medium_fastapi\tests\test_additional_response_extra.py'.
Hint: make sure your test modules/packages have valid Python names.
Traceback:
C:\Python314\Lib\importlib\__init__.py:88: in import_module
    return _bootstrap._gcd_import(name[level:], package, level)
           ^^^^^^^^^^^^^^^^^^^^^^^^^^^^^^^^^^^^^^^^^^^^^^^^^^^^
E   ModuleNotFoundError: No module named 'tests.test_additional_response_extra'
_ ERROR collecting repo-testing/repos/medium_fastapi/tests/test_additional_responses_bad.py _
ImportError while importing test module 'D:\NewE\College\Project\project-brain\repo-testing\repos\medium_fastapi\tests\test_additional_responses_bad.py'.
Hint: make sure your test modules/packages have valid Python names.
Traceback:
C:\Python314\Lib\importlib\__init__.py:88: in import_module
    return _bootstrap._gcd_import(name[level:], package, level)
           ^^^^^^^^^^^^^^^^^^^^^^^^^^^^^^^^^^^^^^^^^^^^^^^^^^^^
E   ModuleNotFoundError: No module named 'tests.test_additional_responses_bad'
_ ERROR collecting repo-testing/repos/medium_fastapi/tests/test_additional_responses_custom_model_in_callback.py _
ImportError while importing test module 'D:\NewE\College\Project\project-brain\repo-testing\repos\medium_fastapi\tests\test_additional_responses_custom_model_in_callback.py'.
Hint: make sure your test modules/packages have valid Python names.
Traceback:
C:\Python314\Lib\importlib\__init__.py:88: in import_module
    return _bootstrap._gcd_import(name[level:], package, level)
           ^^^^^^^^^^^^^^^^^^^^^^^^^^^^^^^^^^^^^^^^^^^^^^^^^^^^
E   ModuleNotFoundError: No module named 'tests.test_additional_responses_custom_model_in_callback'
_ ERROR collecting repo-testing/repos/medium_fastapi/tests/test_additional_responses_custom_validationerror.py _
ImportError while importing test module 'D:\NewE\College\Project\project-brain\repo-testing\repos\medium_fastapi\tests\test_additional_responses_custom_validationerror.py'.
Hint: make sure your test modules/packages have valid Python names.
Traceback:
C:\Python314\Lib\importlib\__init__.py:88: in import_module
    return _bootstrap._gcd_import(name[level:], package, level)
           ^^^^^^^^^^^^^^^^^^^^^^^^^^^^^^^^^^^^^^^^^^^^^^^^^^^^
E   ModuleNotFoundError: No module named 'tests.test_additional_responses_custom_validationerror'
_ ERROR collecting repo-testing/repos/medium_fastapi/tests/test_additional_responses_default_validationerror.py _
ImportError while importing test module 'D:\NewE\College\Project\project-brain\repo-testing\repos\medium_fastapi\tests\test_additional_responses_default_validationerror.py'.
Hint: make sure your test modules/packages have valid Python names.
Traceback:
C:\Python314\Lib\importlib\__init__.py:88: in import_module
    return _bootstrap._gcd_import(name[level:], package, level)
           ^^^^^^^^^^^^^^^^^^^^^^^^^^^^^^^^^^^^^^^^^^^^^^^^^^^^
E   ModuleNotFoundError: No module named 'tests.test_additional_responses_default_validationerror'
_ ERROR collecting repo-testing/repos/medium_fastapi/tests/test_additional_responses_response_class.py _
ImportError while importing test module 'D:\NewE\College\Project\project-brain\repo-testing\repos\medium_fastapi\tests\test_additional_responses_response_class.py'.
Hint: make sure your test modules/packages have valid Python names.
Traceback:
C:\Python314\Lib\importlib\__init__.py:88: in import_module
    return _bootstrap._gcd_import(name[level:], package, level)
           ^^^^^^^^^^^^^^^^^^^^^^^^^^^^^^^^^^^^^^^^^^^^^^^^^^^^
E   ModuleNotFoundError: No module named 'tests.test_additional_responses_response_class'
_ ERROR collecting repo-testing/repos/medium_fastapi/tests/test_additional_responses_router.py _
ImportError while importing test module 'D:\NewE\College\Project\project-brain\repo-testing\repos\medium_fastapi\tests\test_additional_responses_router.py'.
Hint: make sure your test modules/packages have valid Python names.
Traceback:
C:\Python314\Lib\importlib\__init__.py:88: in import_module
    return _bootstrap._gcd_import(name[level:], package, level)
           ^^^^^^^^^^^^^^^^^^^^^^^^^^^^^^^^^^^^^^^^^^^^^^^^^^^^
E   ModuleNotFoundError: No module named 'tests.test_additional_responses_router'
_ ERROR collecting repo-testing/repos/medium_fastapi/tests/test_additional_responses_union_duplicate_anyof.py _
ImportError while importing test module 'D:\NewE\College\Project\project-brain\repo-testing\repos\medium_fastapi\tests\test_additional_responses_union_duplicate_anyof.py'.
Hint: make sure your test modules/packages have valid Python names.
Traceback:
C:\Python314\Lib\importlib\__init__.py:88: in import_module
    return _bootstrap._gcd_import(name[level:], package, level)
           ^^^^^^^^^^^^^^^^^^^^^^^^^^^^^^^^^^^^^^^^^^^^^^^^^^^^
E   ModuleNotFoundError: No module named 'tests.test_additional_responses_union_duplicate_anyof'
_ ERROR collecting repo-testing/repos/medium_fastapi/tests/test_allow_inf_nan_in_enforcing.py _
ImportError while importing test module 'D:\NewE\College\Project\project-brain\repo-testing\repos\medium_fastapi\tests\test_allow_inf_nan_in_enforcing.py'.
Hint: make sure your test modules/packages have valid Python names.
Traceback:
C:\Python314\Lib\importlib\__init__.py:88: in import_module
    return _bootstrap._gcd_import(name[level:], package, level)
           ^^^^^^^^^^^^^^^^^^^^^^^^^^^^^^^^^^^^^^^^^^^^^^^^^^^^
E   ModuleNotFoundError: No module named 'tests.test_allow_inf_nan_in_enforcing'
_ ERROR collecting repo-testing/repos/medium_fastapi/tests/test_ambiguous_params.py _
ImportError while importing test module 'D:\NewE\College\Project\project-brain\repo-testing\repos\medium_fastapi\tests\test_ambiguous_params.py'.
Hint: make sure your test modules/packages have valid Python names.
Traceback:
C:\Python314\Lib\importlib\__init__.py:88: in import_module
    return _bootstrap._gcd_import(name[level:], package, level)
           ^^^^^^^^^^^^^^^^^^^^^^^^^^^^^^^^^^^^^^^^^^^^^^^^^^^^
E   ModuleNotFoundError: No module named 'tests.test_ambiguous_params'
_ ERROR collecting repo-testing/repos/medium_fastapi/tests/test_annotated.py __
ImportError while importing test module 'D:\NewE\College\Project\project-brain\repo-testing\repos\medium_fastapi\tests\test_annotated.py'.
Hint: make sure your test modules/packages have valid Python names.
Traceback:
C:\Python314\Lib\importlib\__init__.py:88: in import_module
    return _bootstrap._gcd_import(name[level:], package, level)
           ^^^^^^^^^^^^^^^^^^^^^^^^^^^^^^^^^^^^^^^^^^^^^^^^^^^^
E   ModuleNotFoundError: No module named 'tests.test_annotated'
_ ERROR collecting repo-testing/repos/medium_fastapi/tests/test_application.py _
ImportError while importing test module 'D:\NewE\College\Project\project-brain\repo-testing\repos\medium_fastapi\tests\test_application.py'.
Hint: make sure your test modules/packages have valid Python names.
Traceback:
C:\Python314\Lib\importlib\__init__.py:88: in import_module
    return _bootstrap._gcd_import(name[level:], package, level)
           ^^^^^^^^^^^^^^^^^^^^^^^^^^^^^^^^^^^^^^^^^^^^^^^^^^^^
E   ModuleNotFoundError: No module named 'tests.test_application'
_ ERROR collecting repo-testing/repos/medium_fastapi/tests/test_arbitrary_types.py _
ImportError while importing test module 'D:\NewE\College\Project\project-brain\repo-testing\repos\medium_fastapi\tests\test_arbitrary_types.py'.
Hint: make sure your test modules/packages have valid Python names.
Traceback:
C:\Python314\Lib\importlib\__init__.py:88: in import_module
    return _bootstrap._gcd_import(name[level:], package, level)
           ^^^^^^^^^^^^^^^^^^^^^^^^^^^^^^^^^^^^^^^^^^^^^^^^^^^^
E   ModuleNotFoundError: No module named 'tests.test_arbitrary_types'
_ ERROR collecting repo-testing/repos/medium_fastapi/tests/test_callable_endpoint.py _
ImportError while importing test module 'D:\NewE\College\Project\project-brain\repo-testing\repos\medium_fastapi\tests\test_callable_endpoint.py'.
Hint: make sure your test modules/packages have valid Python names.
Traceback:
C:\Python314\Lib\importlib\__init__.py:88: in import_module
    return _bootstrap._gcd_import(name[level:], package, level)
           ^^^^^^^^^^^^^^^^^^^^^^^^^^^^^^^^^^^^^^^^^^^^^^^^^^^^
E   ModuleNotFoundError: No module named 'tests.test_callable_endpoint'
___ ERROR collecting repo-testing/repos/medium_fastapi/tests/test_compat.py ___
ImportError while importing test module 'D:\NewE\College\Project\project-brain\repo-testing\repos\medium_fastapi\tests\test_compat.py'.
Hint: make sure your test modules/packages have valid Python names.
Traceback:
C:\Python314\Lib\importlib\__init__.py:88: in import_module
    return _bootstrap._gcd_import(name[level:], package, level)
           ^^^^^^^^^^^^^^^^^^^^^^^^^^^^^^^^^^^^^^^^^^^^^^^^^^^^
E   ModuleNotFoundError: No module named 'tests.test_compat'
_ ERROR collecting repo-testing/repos/medium_fastapi/tests/test_computed_fields.py _
ImportError while importing test module 'D:\NewE\College\Project\project-brain\repo-testing\repos\medium_fastapi\tests\test_computed_fields.py'.
Hint: make sure your test modules/packages have valid Python names.
Traceback:
C:\Python314\Lib\importlib\__init__.py:88: in import_module
    return _bootstrap._gcd_import(name[level:], package, level)
           ^^^^^^^^^^^^^^^^^^^^^^^^^^^^^^^^^^^^^^^^^^^^^^^^^^^^
E   ModuleNotFoundError: No module named 'tests.test_computed_fields'
_ ERROR collecting repo-testing/repos/medium_fastapi/tests/test_custom_middleware_exception.py _
ImportError while importing test module 'D:\NewE\College\Project\project-brain\repo-testing\repos\medium_fastapi\tests\test_custom_middleware_exception.py'.
Hint: make sure your test modules/packages have valid Python names.
Traceback:
C:\Python314\Lib\importlib\__init__.py:88: in import_module
    return _bootstrap._gcd_import(name[level:], package, level)
           ^^^^^^^^^^^^^^^^^^^^^^^^^^^^^^^^^^^^^^^^^^^^^^^^^^^^
E   ModuleNotFoundError: No module named 'tests.test_custom_middleware_exception'
_ ERROR collecting repo-testing/repos/medium_fastapi/tests/test_custom_route_class.py _
ImportError while importing test module 'D:\NewE\College\Project\project-brain\repo-testing\repos\medium_fastapi\tests\test_custom_route_class.py'.
Hint: make sure your test modules/packages have valid Python names.
Traceback:
C:\Python314\Lib\importlib\__init__.py:88: in import_module
    return _bootstrap._gcd_import(name[level:], package, level)
           ^^^^^^^^^^^^^^^^^^^^^^^^^^^^^^^^^^^^^^^^^^^^^^^^^^^^
E   ModuleNotFoundError: No module named 'tests.test_custom_route_class'
_ ERROR collecting repo-testing/repos/medium_fastapi/tests/test_custom_schema_fields.py _
ImportError while importing test module 'D:\NewE\College\Project\project-brain\repo-testing\repos\medium_fastapi\tests\test_custom_schema_fields.py'.
Hint: make sure your test modules/packages have valid Python names.
Traceback:
C:\Python314\Lib\importlib\__init__.py:88: in import_module
    return _bootstrap._gcd_import(name[level:], package, level)
           ^^^^^^^^^^^^^^^^^^^^^^^^^^^^^^^^^^^^^^^^^^^^^^^^^^^^
E   ModuleNotFoundError: No module named 'tests.test_custom_schema_fields'
_ ERROR collecting repo-testing/repos/medium_fastapi/tests/test_custom_swagger_ui_redirect.py _
ImportError while importing test module 'D:\NewE\College\Project\project-brain\repo-testing\repos\medium_fastapi\tests\test_custom_swagger_ui_redirect.py'.
Hint: make sure your test modules/packages have valid Python names.
Traceback:
C:\Python314\Lib\importlib\__init__.py:88: in import_module
    return _bootstrap._gcd_import(name[level:], package, level)
           ^^^^^^^^^^^^^^^^^^^^^^^^^^^^^^^^^^^^^^^^^^^^^^^^^^^^
E   ModuleNotFoundError: No module named 'tests.test_custom_swagger_ui_redirect'
_ ERROR collecting repo-testing/repos/medium_fastapi/tests/test_datastructures.py _
ImportError while importing test module 'D:\NewE\College\Project\project-brain\repo-testing\repos\medium_fastapi\tests\test_datastructures.py'.
Hint: make sure your test modules/packages have valid Python names.
Traceback:
C:\Python314\Lib\importlib\__init__.py:88: in import_module
    return _bootstrap._gcd_import(name[level:], package, level)
           ^^^^^^^^^^^^^^^^^^^^^^^^^^^^^^^^^^^^^^^^^^^^^^^^^^^^
E   ModuleNotFoundError: No module named 'tests.test_datastructures'
_ ERROR collecting repo-testing/repos/medium_fastapi/tests/test_datetime_custom_encoder.py _
ImportError while importing test module 'D:\NewE\College\Project\project-brain\repo-testing\repos\medium_fastapi\tests\test_datetime_custom_encoder.py'.
Hint: make sure your test modules/packages have valid Python names.
Traceback:
C:\Python314\Lib\importlib\__init__.py:88: in import_module
    return _bootstrap._gcd_import(name[level:], package, level)
           ^^^^^^^^^^^^^^^^^^^^^^^^^^^^^^^^^^^^^^^^^^^^^^^^^^^^
E   ModuleNotFoundError: No module named 'tests.test_datetime_custom_encoder'
_ ERROR collecting repo-testing/repos/medium_fastapi/tests/test_default_response_class.py _
ImportError while importing test module 'D:\NewE\College\Project\project-brain\repo-testing\repos\medium_fastapi\tests\test_default_response_class.py'.
Hint: make sure your test modules/packages have valid Python names.
Traceback:
C:\Python314\Lib\importlib\__init__.py:88: in import_module
    return _bootstrap._gcd_import(name[level:], package, level)
           ^^^^^^^^^^^^^^^^^^^^^^^^^^^^^^^^^^^^^^^^^^^^^^^^^^^^
E   ModuleNotFoundError: No module named 'tests.test_default_response_class'
_ ERROR collecting repo-testing/repos/medium_fastapi/tests/test_default_response_class_router.py _
ImportError while importing test module 'D:\NewE\College\Project\project-brain\repo-testing\repos\medium_fastapi\tests\test_default_response_class_router.py'.
Hint: make sure your test modules/packages have valid Python names.
Traceback:
C:\Python314\Lib\importlib\__init__.py:88: in import_module
    return _bootstrap._gcd_import(name[level:], package, level)
           ^^^^^^^^^^^^^^^^^^^^^^^^^^^^^^^^^^^^^^^^^^^^^^^^^^^^
E   ModuleNotFoundError: No module named 'tests.test_default_response_class_router'
_ ERROR collecting repo-testing/repos/medium_fastapi/tests/test_dependencies_utils.py _
ImportError while importing test module 'D:\NewE\College\Project\project-brain\repo-testing\repos\medium_fastapi\tests\test_dependencies_utils.py'.
Hint: make sure your test modules/packages have valid Python names.
Traceback:
C:\Python314\Lib\importlib\__init__.py:88: in import_module
    return _bootstrap._gcd_import(name[level:], package, level)
           ^^^^^^^^^^^^^^^^^^^^^^^^^^^^^^^^^^^^^^^^^^^^^^^^^^^^
E   ModuleNotFoundError: No module named 'tests.test_dependencies_utils'
_ ERROR collecting repo-testing/repos/medium_fastapi/tests/test_dependency_after_yield_raise.py _
ImportError while importing test module 'D:\NewE\College\Project\project-brain\repo-testing\repos\medium_fastapi\tests\test_dependency_after_yield_raise.py'.
Hint: make sure your test modules/packages have valid Python names.
Traceback:
C:\Python314\Lib\importlib\__init__.py:88: in import_module
    return _bootstrap._gcd_import(name[level:], package, level)
           ^^^^^^^^^^^^^^^^^^^^^^^^^^^^^^^^^^^^^^^^^^^^^^^^^^^^
E   ModuleNotFoundError: No module named 'tests.test_dependency_after_yield_raise'
_ ERROR collecting repo-testing/repos/medium_fastapi/tests/test_dependency_after_yield_streaming.py _
ImportError while importing test module 'D:\NewE\College\Project\project-brain\repo-testing\repos\medium_fastapi\tests\test_dependency_after_yield_streaming.py'.
Hint: make sure your test modules/packages have valid Python names.
Traceback:
C:\Python314\Lib\importlib\__init__.py:88: in import_module
    return _bootstrap._gcd_import(name[level:], package, level)
           ^^^^^^^^^^^^^^^^^^^^^^^^^^^^^^^^^^^^^^^^^^^^^^^^^^^^
E   ModuleNotFoundError: No module named 'tests.test_dependency_after_yield_streaming'
_ ERROR collecting repo-testing/repos/medium_fastapi/tests/test_dependency_after_yield_websockets.py _
ImportError while importing test module 'D:\NewE\College\Project\project-brain\repo-testing\repos\medium_fastapi\tests\test_dependency_after_yield_websockets.py'.
Hint: make sure your test modules/packages have valid Python names.
Traceback:
C:\Python314\Lib\importlib\__init__.py:88: in import_module
    return _bootstrap._gcd_import(name[level:], package, level)
           ^^^^^^^^^^^^^^^^^^^^^^^^^^^^^^^^^^^^^^^^^^^^^^^^^^^^
E   ModuleNotFoundError: No module named 'tests.test_dependency_after_yield_websockets'
_ ERROR collecting repo-testing/repos/medium_fastapi/tests/test_dependency_cache.py _
ImportError while importing test module 'D:\NewE\College\Project\project-brain\repo-testing\repos\medium_fastapi\tests\test_dependency_cache.py'.
Hint: make sure your test modules/packages have valid Python names.
Traceback:
C:\Python314\Lib\importlib\__init__.py:88: in import_module
    return _bootstrap._gcd_import(name[level:], package, level)
           ^^^^^^^^^^^^^^^^^^^^^^^^^^^^^^^^^^^^^^^^^^^^^^^^^^^^
E   ModuleNotFoundError: No module named 'tests.test_dependency_cache'
_ ERROR collecting repo-testing/repos/medium_fastapi/tests/test_dependency_class.py _
ImportError while importing test module 'D:\NewE\College\Project\project-brain\repo-testing\repos\medium_fastapi\tests\test_dependency_class.py'.
Hint: make sure your test modules/packages have valid Python names.
Traceback:
C:\Python314\Lib\importlib\__init__.py:88: in import_module
    return _bootstrap._gcd_import(name[level:], package, level)
           ^^^^^^^^^^^^^^^^^^^^^^^^^^^^^^^^^^^^^^^^^^^^^^^^^^^^
E   ModuleNotFoundError: No module named 'tests.test_dependency_class'
_ ERROR collecting repo-testing/repos/medium_fastapi/tests/test_dependency_contextmanager.py _
ImportError while importing test module 'D:\NewE\College\Project\project-brain\repo-testing\repos\medium_fastapi\tests\test_dependency_contextmanager.py'.
Hint: make sure your test modules/packages have valid Python names.
Traceback:
C:\Python314\Lib\importlib\__init__.py:88: in import_module
    return _bootstrap._gcd_import(name[level:], package, level)
           ^^^^^^^^^^^^^^^^^^^^^^^^^^^^^^^^^^^^^^^^^^^^^^^^^^^^
E   ModuleNotFoundError: No module named 'tests.test_dependency_contextmanager'
_ ERROR collecting repo-testing/repos/medium_fastapi/tests/test_dependency_contextvars.py _
ImportError while importing test module 'D:\NewE\College\Project\project-brain\repo-testing\repos\medium_fastapi\tests\test_dependency_contextvars.py'.
Hint: make sure your test modules/packages have valid Python names.
Traceback:
C:\Python314\Lib\importlib\__init__.py:88: in import_module
    return _bootstrap._gcd_import(name[level:], package, level)
           ^^^^^^^^^^^^^^^^^^^^^^^^^^^^^^^^^^^^^^^^^^^^^^^^^^^^
E   ModuleNotFoundError: No module named 'tests.test_dependency_contextvars'
_ ERROR collecting repo-testing/repos/medium_fastapi/tests/test_dependency_duplicates.py _
ImportError while importing test module 'D:\NewE\College\Project\project-brain\repo-testing\repos\medium_fastapi\tests\test_dependency_duplicates.py'.
Hint: make sure your test modules/packages have valid Python names.
Traceback:
C:\Python314\Lib\importlib\__init__.py:88: in import_module
    return _bootstrap._gcd_import(name[level:], package, level)
           ^^^^^^^^^^^^^^^^^^^^^^^^^^^^^^^^^^^^^^^^^^^^^^^^^^^^
E   ModuleNotFoundError: No module named 'tests.test_dependency_duplicates'
_ ERROR collecting repo-testing/repos/medium_fastapi/tests/test_dependency_overrides.py _
ImportError while importing test module 'D:\NewE\College\Project\project-brain\repo-testing\repos\medium_fastapi\tests\test_dependency_overrides.py'.
Hint: make sure your test modules/packages have valid Python names.
Traceback:
C:\Python314\Lib\importlib\__init__.py:88: in import_module
    return _bootstrap._gcd_import(name[level:], package, level)
           ^^^^^^^^^^^^^^^^^^^^^^^^^^^^^^^^^^^^^^^^^^^^^^^^^^^^
E   ModuleNotFoundError: No module named 'tests.test_dependency_overrides'
_ ERROR collecting repo-testing/repos/medium_fastapi/tests/test_dependency_paramless.py _
ImportError while importing test module 'D:\NewE\College\Project\project-brain\repo-testing\repos\medium_fastapi\tests\test_dependency_paramless.py'.
Hint: make sure your test modules/packages have valid Python names.
Traceback:
C:\Python314\Lib\importlib\__init__.py:88: in import_module
    return _bootstrap._gcd_import(name[level:], package, level)
           ^^^^^^^^^^^^^^^^^^^^^^^^^^^^^^^^^^^^^^^^^^^^^^^^^^^^
E   ModuleNotFoundError: No module named 'tests.test_dependency_paramless'
_ ERROR collecting repo-testing/repos/medium_fastapi/tests/test_dependency_partial.py _
ImportError while importing test module 'D:\NewE\College\Project\project-brain\repo-testing\repos\medium_fastapi\tests\test_dependency_partial.py'.
Hint: make sure your test modules/packages have valid Python names.
Traceback:
C:\Python314\Lib\importlib\__init__.py:88: in import_module
    return _bootstrap._gcd_import(name[level:], package, level)
           ^^^^^^^^^^^^^^^^^^^^^^^^^^^^^^^^^^^^^^^^^^^^^^^^^^^^
E   ModuleNotFoundError: No module named 'tests.test_dependency_partial'
_ ERROR collecting repo-testing/repos/medium_fastapi/tests/test_dependency_pep695.py _
ImportError while importing test module 'D:\NewE\College\Project\project-brain\repo-testing\repos\medium_fastapi\tests\test_dependency_pep695.py'.
Hint: make sure your test modules/packages have valid Python names.
Traceback:
C:\Python314\Lib\importlib\__init__.py:88: in import_module
    return _bootstrap._gcd_import(name[level:], package, level)
           ^^^^^^^^^^^^^^^^^^^^^^^^^^^^^^^^^^^^^^^^^^^^^^^^^^^^
E   ModuleNotFoundError: No module named 'tests.test_dependency_pep695'
_ ERROR collecting repo-testing/repos/medium_fastapi/tests/test_dependency_security_overrides.py _
ImportError while importing test module 'D:\NewE\College\Project\project-brain\repo-testing\repos\medium_fastapi\tests\test_dependency_security_overrides.py'.
Hint: make sure your test modules/packages have valid Python names.
Traceback:
C:\Python314\Lib\importlib\__init__.py:88: in import_module
    return _bootstrap._gcd_import(name[level:], package, level)
           ^^^^^^^^^^^^^^^^^^^^^^^^^^^^^^^^^^^^^^^^^^^^^^^^^^^^
E   ModuleNotFoundError: No module named 'tests.test_dependency_security_overrides'
_ ERROR collecting repo-testing/repos/medium_fastapi/tests/test_dependency_wrapped.py _
ImportError while importing test module 'D:\NewE\College\Project\project-brain\repo-testing\repos\medium_fastapi\tests\test_dependency_wrapped.py'.
Hint: make sure your test modules/packages have valid Python names.
Traceback:
C:\Python314\Lib\importlib\__init__.py:88: in import_module
    return _bootstrap._gcd_import(name[level:], package, level)
           ^^^^^^^^^^^^^^^^^^^^^^^^^^^^^^^^^^^^^^^^^^^^^^^^^^^^
E   ModuleNotFoundError: No module named 'tests.test_dependency_wrapped'
_ ERROR collecting repo-testing/repos/medium_fastapi/tests/test_dependency_yield_except_httpexception.py _
ImportError while importing test module 'D:\NewE\College\Project\project-brain\repo-testing\repos\medium_fastapi\tests\test_dependency_yield_except_httpexception.py'.
Hint: make sure your test modules/packages have valid Python names.
Traceback:
C:\Python314\Lib\importlib\__init__.py:88: in import_module
    return _bootstrap._gcd_import(name[level:], package, level)
           ^^^^^^^^^^^^^^^^^^^^^^^^^^^^^^^^^^^^^^^^^^^^^^^^^^^^
E   ModuleNotFoundError: No module named 'tests.test_dependency_yield_except_httpexception'
_ ERROR collecting repo-testing/repos/medium_fastapi/tests/test_dependency_yield_scope.py _
ImportError while importing test module 'D:\NewE\College\Project\project-brain\repo-testing\repos\medium_fastapi\tests\test_dependency_yield_scope.py'.
Hint: make sure your test modules/packages have valid Python names.
Traceback:
C:\Python314\Lib\importlib\__init__.py:88: in import_module
    return _bootstrap._gcd_import(name[level:], package, level)
           ^^^^^^^^^^^^^^^^^^^^^^^^^^^^^^^^^^^^^^^^^^^^^^^^^^^^
E   ModuleNotFoundError: No module named 'tests.test_dependency_yield_scope'
_ ERROR collecting repo-testing/repos/medium_fastapi/tests/test_dependency_yield_scope_websockets.py _
ImportError while importing test module 'D:\NewE\College\Project\project-brain\repo-testing\repos\medium_fastapi\tests\test_dependency_yield_scope_websockets.py'.
Hint: make sure your test modules/packages have valid Python names.
Traceback:
C:\Python314\Lib\importlib\__init__.py:88: in import_module
    return _bootstrap._gcd_import(name[level:], package, level)
           ^^^^^^^^^^^^^^^^^^^^^^^^^^^^^^^^^^^^^^^^^^^^^^^^^^^^
E   ModuleNotFoundError: No module named 'tests.test_dependency_yield_scope_websockets'
_ ERROR collecting repo-testing/repos/medium_fastapi/tests/test_depends_hashable.py _
ImportError while importing test module 'D:\NewE\College\Project\project-brain\repo-testing\repos\medium_fastapi\tests\test_depends_hashable.py'.
Hint: make sure your test modules/packages have valid Python names.
Traceback:
C:\Python314\Lib\importlib\__init__.py:88: in import_module
    return _bootstrap._gcd_import(name[level:], package, level)
           ^^^^^^^^^^^^^^^^^^^^^^^^^^^^^^^^^^^^^^^^^^^^^^^^^^^^
E   ModuleNotFoundError: No module named 'tests.test_depends_hashable'
_ ERROR collecting repo-testing/repos/medium_fastapi/tests/test_deprecated_openapi_prefix.py _
ImportError while importing test module 'D:\NewE\College\Project\project-brain\repo-testing\repos\medium_fastapi\tests\test_deprecated_openapi_prefix.py'.
Hint: make sure your test modules/packages have valid Python names.
Traceback:
C:\Python314\Lib\importlib\__init__.py:88: in import_module
    return _bootstrap._gcd_import(name[level:], package, level)
           ^^^^^^^^^^^^^^^^^^^^^^^^^^^^^^^^^^^^^^^^^^^^^^^^^^^^
E   ModuleNotFoundError: No module named 'tests.test_deprecated_openapi_prefix'
_ ERROR collecting repo-testing/repos/medium_fastapi/tests/test_deprecated_responses.py _
ImportError while importing test module 'D:\NewE\College\Project\project-brain\repo-testing\repos\medium_fastapi\tests\test_deprecated_responses.py'.
Hint: make sure your test modules/packages have valid Python names.
Traceback:
C:\Python314\Lib\importlib\__init__.py:88: in import_module
    return _bootstrap._gcd_import(name[level:], package, level)
           ^^^^^^^^^^^^^^^^^^^^^^^^^^^^^^^^^^^^^^^^^^^^^^^^^^^^
E   ModuleNotFoundError: No module named 'tests.test_deprecated_responses'
_ ERROR collecting repo-testing/repos/medium_fastapi/tests/test_dump_json_fast_path.py _
ImportError while importing test module 'D:\NewE\College\Project\project-brain\repo-testing\repos\medium_fastapi\tests\test_dump_json_fast_path.py'.
Hint: make sure your test modules/packages have valid Python names.
Traceback:
C:\Python314\Lib\importlib\__init__.py:88: in import_module
    return _bootstrap._gcd_import(name[level:], package, level)
           ^^^^^^^^^^^^^^^^^^^^^^^^^^^^^^^^^^^^^^^^^^^^^^^^^^^^
E   ModuleNotFoundError: No module named 'tests.test_dump_json_fast_path'
_ ERROR collecting repo-testing/repos/medium_fastapi/tests/test_duplicate_models_openapi.py _
ImportError while importing test module 'D:\NewE\College\Project\project-brain\repo-testing\repos\medium_fastapi\tests\test_duplicate_models_openapi.py'.
Hint: make sure your test modules/packages have valid Python names.
Traceback:
C:\Python314\Lib\importlib\__init__.py:88: in import_module
    return _bootstrap._gcd_import(name[level:], package, level)
           ^^^^^^^^^^^^^^^^^^^^^^^^^^^^^^^^^^^^^^^^^^^^^^^^^^^^
E   ModuleNotFoundError: No module named 'tests.test_duplicate_models_openapi'
_ ERROR collecting repo-testing/repos/medium_fastapi/tests/test_empty_router.py _
ImportError while importing test module 'D:\NewE\College\Project\project-brain\repo-testing\repos\medium_fastapi\tests\test_empty_router.py'.
Hint: make sure your test modules/packages have valid Python names.
Traceback:
C:\Python314\Lib\importlib\__init__.py:88: in import_module
    return _bootstrap._gcd_import(name[level:], package, level)
           ^^^^^^^^^^^^^^^^^^^^^^^^^^^^^^^^^^^^^^^^^^^^^^^^^^^^
E   ModuleNotFoundError: No module named 'tests.test_empty_router'
_ ERROR collecting repo-testing/repos/medium_fastapi/tests/test_enforce_once_required_parameter.py _
ImportError while importing test module 'D:\NewE\College\Project\project-brain\repo-testing\repos\medium_fastapi\tests\test_enforce_once_required_parameter.py'.
Hint: make sure your test modules/packages have valid Python names.
Traceback:
C:\Python314\Lib\importlib\__init__.py:88: in import_module
    return _bootstrap._gcd_import(name[level:], package, level)
           ^^^^^^^^^^^^^^^^^^^^^^^^^^^^^^^^^^^^^^^^^^^^^^^^^^^^
E   ModuleNotFoundError: No module named 'tests.test_enforce_once_required_parameter'
_ ERROR collecting repo-testing/repos/medium_fastapi/tests/test_exception_handlers.py _
ImportError while importing test module 'D:\NewE\College\Project\project-brain\repo-testing\repos\medium_fastapi\tests\test_exception_handlers.py'.
Hint: make sure your test modules/packages have valid Python names.
Traceback:
C:\Python314\Lib\importlib\__init__.py:88: in import_module
    return _bootstrap._gcd_import(name[level:], package, level)
           ^^^^^^^^^^^^^^^^^^^^^^^^^^^^^^^^^^^^^^^^^^^^^^^^^^^^
E   ModuleNotFoundError: No module named 'tests.test_exception_handlers'
_ ERROR collecting repo-testing/repos/medium_fastapi/tests/test_extra_routes.py _
ImportError while importing test module 'D:\NewE\College\Project\project-brain\repo-testing\repos\medium_fastapi\tests\test_extra_routes.py'.
Hint: make sure your test modules/packages have valid Python names.
Traceback:
C:\Python314\Lib\importlib\__init__.py:88: in import_module
    return _bootstrap._gcd_import(name[level:], package, level)
           ^^^^^^^^^^^^^^^^^^^^^^^^^^^^^^^^^^^^^^^^^^^^^^^^^^^^
E   ModuleNotFoundError: No module named 'tests.test_extra_routes'
_ ERROR collecting repo-testing/repos/medium_fastapi/tests/test_fastapi_cli.py _
ImportError while importing test module 'D:\NewE\College\Project\project-brain\repo-testing\repos\medium_fastapi\tests\test_fastapi_cli.py'.
Hint: make sure your test modules/packages have valid Python names.
Traceback:
C:\Python314\Lib\importlib\__init__.py:88: in import_module
    return _bootstrap._gcd_import(name[level:], package, level)
           ^^^^^^^^^^^^^^^^^^^^^^^^^^^^^^^^^^^^^^^^^^^^^^^^^^^^
E   ModuleNotFoundError: No module named 'tests.test_fastapi_cli'
_ ERROR collecting repo-testing/repos/medium_fastapi/tests/test_file_and_form_order_issue_9116.py _
ImportError while importing test module 'D:\NewE\College\Project\project-brain\repo-testing\repos\medium_fastapi\tests\test_file_and_form_order_issue_9116.py'.
Hint: make sure your test modules/packages have valid Python names.
Traceback:
C:\Python314\Lib\importlib\__init__.py:88: in import_module
    return _bootstrap._gcd_import(name[level:], package, level)
           ^^^^^^^^^^^^^^^^^^^^^^^^^^^^^^^^^^^^^^^^^^^^^^^^^^^^
E   ModuleNotFoundError: No module named 'tests.test_file_and_form_order_issue_9116'
_ ERROR collecting repo-testing/repos/medium_fastapi/tests/test_filter_pydantic_sub_model_pv2.py _
ImportError while importing test module 'D:\NewE\College\Project\project-brain\repo-testing\repos\medium_fastapi\tests\test_filter_pydantic_sub_model_pv2.py'.
Hint: make sure your test modules/packages have valid Python names.
Traceback:
C:\Python314\Lib\importlib\__init__.py:88: in import_module
    return _bootstrap._gcd_import(name[level:], package, level)
           ^^^^^^^^^^^^^^^^^^^^^^^^^^^^^^^^^^^^^^^^^^^^^^^^^^^^
E   ModuleNotFoundError: No module named 'tests.test_filter_pydantic_sub_model_pv2'
_ ERROR collecting repo-testing/repos/medium_fastapi/tests/test_form_default.py _
ImportError while importing test module 'D:\NewE\College\Project\project-brain\repo-testing\repos\medium_fastapi\tests\test_form_default.py'.
Hint: make sure your test modules/packages have valid Python names.
Traceback:
C:\Python314\Lib\importlib\__init__.py:88: in import_module
    return _bootstrap._gcd_import(name[level:], package, level)
           ^^^^^^^^^^^^^^^^^^^^^^^^^^^^^^^^^^^^^^^^^^^^^^^^^^^^
E   ModuleNotFoundError: No module named 'tests.test_form_default'
_ ERROR collecting repo-testing/repos/medium_fastapi/tests/test_forms_from_non_typing_sequences.py _
ImportError while importing test module 'D:\NewE\College\Project\project-brain\repo-testing\repos\medium_fastapi\tests\test_forms_from_non_typing_sequences.py'.
Hint: make sure your test modules/packages have valid Python names.
Traceback:
C:\Python314\Lib\importlib\__init__.py:88: in import_module
    return _bootstrap._gcd_import(name[level:], package, level)
           ^^^^^^^^^^^^^^^^^^^^^^^^^^^^^^^^^^^^^^^^^^^^^^^^^^^^
E   ModuleNotFoundError: No module named 'tests.test_forms_from_non_typing_sequences'
_ ERROR collecting repo-testing/repos/medium_fastapi/tests/test_forms_single_model.py _
ImportError while importing test module 'D:\NewE\College\Project\project-brain\repo-testing\repos\medium_fastapi\tests\test_forms_single_model.py'.
Hint: make sure your test modules/packages have valid Python names.
Traceback:
C:\Python314\Lib\importlib\__init__.py:88: in import_module
    return _bootstrap._gcd_import(name[level:], package, level)
           ^^^^^^^^^^^^^^^^^^^^^^^^^^^^^^^^^^^^^^^^^^^^^^^^^^^^
E   ModuleNotFoundError: No module named 'tests.test_forms_single_model'
_ ERROR collecting repo-testing/repos/medium_fastapi/tests/test_forms_single_param.py _
ImportError while importing test module 'D:\NewE\College\Project\project-brain\repo-testing\repos\medium_fastapi\tests\test_forms_single_param.py'.
Hint: make sure your test modules/packages have valid Python names.
Traceback:
C:\Python314\Lib\importlib\__init__.py:88: in import_module
    return _bootstrap._gcd_import(name[level:], package, level)
           ^^^^^^^^^^^^^^^^^^^^^^^^^^^^^^^^^^^^^^^^^^^^^^^^^^^^
E   ModuleNotFoundError: No module named 'tests.test_forms_single_param'
_ ERROR collecting repo-testing/repos/medium_fastapi/tests/test_generate_unique_id_function.py _
ImportError while importing test module 'D:\NewE\College\Project\project-brain\repo-testing\repos\medium_fastapi\tests\test_generate_unique_id_function.py'.
Hint: make sure your test modules/packages have valid Python names.
Traceback:
C:\Python314\Lib\importlib\__init__.py:88: in import_module
    return _bootstrap._gcd_import(name[level:], package, level)
           ^^^^^^^^^^^^^^^^^^^^^^^^^^^^^^^^^^^^^^^^^^^^^^^^^^^^
E   ModuleNotFoundError: No module named 'tests.test_generate_unique_id_function'
_ ERROR collecting repo-testing/repos/medium_fastapi/tests/test_generic_parameterless_depends.py _
ImportError while importing test module 'D:\NewE\College\Project\project-brain\repo-testing\repos\medium_fastapi\tests\test_generic_parameterless_depends.py'.
Hint: make sure your test modules/packages have valid Python names.
Traceback:
C:\Python314\Lib\importlib\__init__.py:88: in import_module
    return _bootstrap._gcd_import(name[level:], package, level)
           ^^^^^^^^^^^^^^^^^^^^^^^^^^^^^^^^^^^^^^^^^^^^^^^^^^^^
E   ModuleNotFoundError: No module named 'tests.test_generic_parameterless_depends'
_ ERROR collecting repo-testing/repos/medium_fastapi/tests/test_get_model_definitions_formfeed_escape.py _
ImportError while importing test module 'D:\NewE\College\Project\project-brain\repo-testing\repos\medium_fastapi\tests\test_get_model_definitions_formfeed_escape.py'.
Hint: make sure your test modules/packages have valid Python names.
Traceback:
C:\Python314\Lib\importlib\__init__.py:88: in import_module
    return _bootstrap._gcd_import(name[level:], package, level)
           ^^^^^^^^^^^^^^^^^^^^^^^^^^^^^^^^^^^^^^^^^^^^^^^^^^^^
E   ModuleNotFoundError: No module named 'tests.test_get_model_definitions_formfeed_escape'
_ ERROR collecting repo-testing/repos/medium_fastapi/tests/test_get_request_body.py _
ImportError while importing test module 'D:\NewE\College\Project\project-brain\repo-testing\repos\medium_fastapi\tests\test_get_request_body.py'.
Hint: make sure your test modules/packages have valid Python names.
Traceback:
C:\Python314\Lib\importlib\__init__.py:88: in import_module
    return _bootstrap._gcd_import(name[level:], package, level)
           ^^^^^^^^^^^^^^^^^^^^^^^^^^^^^^^^^^^^^^^^^^^^^^^^^^^^
E   ModuleNotFoundError: No module named 'tests.test_get_request_body'
_ ERROR collecting repo-testing/repos/medium_fastapi/tests/test_http_connection_injection.py _
ImportError while importing test module 'D:\NewE\College\Project\project-brain\repo-testing\repos\medium_fastapi\tests\test_http_connection_injection.py'.
Hint: make sure your test modules/packages have valid Python names.
Traceback:
C:\Python314\Lib\importlib\__init__.py:88: in import_module
    return _bootstrap._gcd_import(name[level:], package, level)
           ^^^^^^^^^^^^^^^^^^^^^^^^^^^^^^^^^^^^^^^^^^^^^^^^^^^^
E   ModuleNotFoundError: No module named 'tests.test_http_connection_injection'
_ ERROR collecting repo-testing/repos/medium_fastapi/tests/test_include_route.py _
ImportError while importing test module 'D:\NewE\College\Project\project-brain\repo-testing\repos\medium_fastapi\tests\test_include_route.py'.
Hint: make sure your test modules/packages have valid Python names.
Traceback:
C:\Python314\Lib\importlib\__init__.py:88: in import_module
    return _bootstrap._gcd_import(name[level:], package, level)
           ^^^^^^^^^^^^^^^^^^^^^^^^^^^^^^^^^^^^^^^^^^^^^^^^^^^^
E   ModuleNotFoundError: No module named 'tests.test_include_route'
_ ERROR collecting repo-testing/repos/medium_fastapi/tests/test_include_router_defaults_overrides.py _
ImportError while importing test module 'D:\NewE\College\Project\project-brain\repo-testing\repos\medium_fastapi\tests\test_include_router_defaults_overrides.py'.
Hint: make sure your test modules/packages have valid Python names.
Traceback:
C:\Python314\Lib\importlib\__init__.py:88: in import_module
    return _bootstrap._gcd_import(name[level:], package, level)
           ^^^^^^^^^^^^^^^^^^^^^^^^^^^^^^^^^^^^^^^^^^^^^^^^^^^^
E   ModuleNotFoundError: No module named 'tests.test_include_router_defaults_overrides'
_ ERROR collecting repo-testing/repos/medium_fastapi/tests/test_infer_param_optionality.py _
ImportError while importing test module 'D:\NewE\College\Project\project-brain\repo-testing\repos\medium_fastapi\tests\test_infer_param_optionality.py'.
Hint: make sure your test modules/packages have valid Python names.
Traceback:
C:\Python314\Lib\importlib\__init__.py:88: in import_module
    return _bootstrap._gcd_import(name[level:], package, level)
           ^^^^^^^^^^^^^^^^^^^^^^^^^^^^^^^^^^^^^^^^^^^^^^^^^^^^
E   ModuleNotFoundError: No module named 'tests.test_infer_param_optionality'
_ ERROR collecting repo-testing/repos/medium_fastapi/tests/test_inherited_custom_class.py _
ImportError while importing test module 'D:\NewE\College\Project\project-brain\repo-testing\repos\medium_fastapi\tests\test_inherited_custom_class.py'.
Hint: make sure your test modules/packages have valid Python names.
Traceback:
C:\Python314\Lib\importlib\__init__.py:88: in import_module
    return _bootstrap._gcd_import(name[level:], package, level)
           ^^^^^^^^^^^^^^^^^^^^^^^^^^^^^^^^^^^^^^^^^^^^^^^^^^^^
E   ModuleNotFoundError: No module named 'tests.test_inherited_custom_class'
_ ERROR collecting repo-testing/repos/medium_fastapi/tests/test_invalid_path_param.py _
ImportError while importing test module 'D:\NewE\College\Project\project-brain\repo-testing\repos\medium_fastapi\tests\test_invalid_path_param.py'.
Hint: make sure your test modules/packages have valid Python names.
Traceback:
C:\Python314\Lib\importlib\__init__.py:88: in import_module
    return _bootstrap._gcd_import(name[level:], package, level)
           ^^^^^^^^^^^^^^^^^^^^^^^^^^^^^^^^^^^^^^^^^^^^^^^^^^^^
E   ModuleNotFoundError: No module named 'tests.test_invalid_path_param'
_ ERROR collecting repo-testing/repos/medium_fastapi/tests/test_invalid_sequence_param.py _
ImportError while importing test module 'D:\NewE\College\Project\project-brain\repo-testing\repos\medium_fastapi\tests\test_invalid_sequence_param.py'.
Hint: make sure your test modules/packages have valid Python names.
Traceback:
C:\Python314\Lib\importlib\__init__.py:88: in import_module
    return _bootstrap._gcd_import(name[level:], package, level)
           ^^^^^^^^^^^^^^^^^^^^^^^^^^^^^^^^^^^^^^^^^^^^^^^^^^^^
E   ModuleNotFoundError: No module named 'tests.test_invalid_sequence_param'
_ ERROR collecting repo-testing/repos/medium_fastapi/tests/test_json_type.py __
ImportError while importing test module 'D:\NewE\College\Project\project-brain\repo-testing\repos\medium_fastapi\tests\test_json_type.py'.
Hint: make sure your test modules/packages have valid Python names.
Traceback:
C:\Python314\Lib\importlib\__init__.py:88: in import_module
    return _bootstrap._gcd_import(name[level:], package, level)
           ^^^^^^^^^^^^^^^^^^^^^^^^^^^^^^^^^^^^^^^^^^^^^^^^^^^^
E   ModuleNotFoundError: No module named 'tests.test_json_type'
_ ERROR collecting repo-testing/repos/medium_fastapi/tests/test_jsonable_encoder.py _
ImportError while importing test module 'D:\NewE\College\Project\project-brain\repo-testing\repos\medium_fastapi\tests\test_jsonable_encoder.py'.
Hint: make sure your test modules/packages have valid Python names.
Traceback:
C:\Python314\Lib\importlib\__init__.py:88: in import_module
    return _bootstrap._gcd_import(name[level:], package, level)
           ^^^^^^^^^^^^^^^^^^^^^^^^^^^^^^^^^^^^^^^^^^^^^^^^^^^^
E   ModuleNotFoundError: No module named 'tests.test_jsonable_encoder'
_ ERROR collecting repo-testing/repos/medium_fastapi/tests/test_list_bytes_file_order_preserved_issue_14811.py _
ImportError while importing test module 'D:\NewE\College\Project\project-brain\repo-testing\repos\medium_fastapi\tests\test_list_bytes_file_order_preserved_issue_14811.py'.
Hint: make sure your test modules/packages have valid Python names.
Traceback:
C:\Python314\Lib\importlib\__init__.py:88: in import_module
    return _bootstrap._gcd_import(name[level:], package, level)
           ^^^^^^^^^^^^^^^^^^^^^^^^^^^^^^^^^^^^^^^^^^^^^^^^^^^^
E   ModuleNotFoundError: No module named 'tests.test_list_bytes_file_order_preserved_issue_14811'
_ ERROR collecting repo-testing/repos/medium_fastapi/tests/test_local_docs.py _
ImportError while importing test module 'D:\NewE\College\Project\project-brain\repo-testing\repos\medium_fastapi\tests\test_local_docs.py'.
Hint: make sure your test modules/packages have valid Python names.
Traceback:
C:\Python314\Lib\importlib\__init__.py:88: in import_module
    return _bootstrap._gcd_import(name[level:], package, level)
           ^^^^^^^^^^^^^^^^^^^^^^^^^^^^^^^^^^^^^^^^^^^^^^^^^^^^
E   ModuleNotFoundError: No module named 'tests.test_local_docs'
_ ERROR collecting repo-testing/repos/medium_fastapi/tests/test_modules_same_name_body/test_main.py _
ImportError while importing test module 'D:\NewE\College\Project\project-brain\repo-testing\repos\medium_fastapi\tests\test_modules_same_name_body\test_main.py'.
Hint: make sure your test modules/packages have valid Python names.
Traceback:
C:\Python314\Lib\importlib\__init__.py:88: in import_module
    return _bootstrap._gcd_import(name[level:], package, level)
           ^^^^^^^^^^^^^^^^^^^^^^^^^^^^^^^^^^^^^^^^^^^^^^^^^^^^
E   ModuleNotFoundError: No module named 'tests.test_modules_same_name_body'
_ ERROR collecting repo-testing/repos/medium_fastapi/tests/test_multi_body_errors.py _
ImportError while importing test module 'D:\NewE\College\Project\project-brain\repo-testing\repos\medium_fastapi\tests\test_multi_body_errors.py'.
Hint: make sure your test modules/packages have valid Python names.
Traceback:
C:\Python314\Lib\importlib\__init__.py:88: in import_module
    return _bootstrap._gcd_import(name[level:], package, level)
           ^^^^^^^^^^^^^^^^^^^^^^^^^^^^^^^^^^^^^^^^^^^^^^^^^^^^
E   ModuleNotFoundError: No module named 'tests.test_multi_body_errors'
_ ERROR collecting repo-testing/repos/medium_fastapi/tests/test_multi_query_errors.py _
ImportError while importing test module 'D:\NewE\College\Project\project-brain\repo-testing\repos\medium_fastapi\tests\test_multi_query_errors.py'.
Hint: make sure your test modules/packages have valid Python names.
Traceback:
C:\Python314\Lib\importlib\__init__.py:88: in import_module
    return _bootstrap._gcd_import(name[level:], package, level)
           ^^^^^^^^^^^^^^^^^^^^^^^^^^^^^^^^^^^^^^^^^^^^^^^^^^^^
E   ModuleNotFoundError: No module named 'tests.test_multi_query_errors'
_ ERROR collecting repo-testing/repos/medium_fastapi/tests/test_multipart_installation.py _
ImportError while importing test module 'D:\NewE\College\Project\project-brain\repo-testing\repos\medium_fastapi\tests\test_multipart_installation.py'.
Hint: make sure your test modules/packages have valid Python names.
Traceback:
C:\Python314\Lib\importlib\__init__.py:88: in import_module
    return _bootstrap._gcd_import(name[level:], package, level)
           ^^^^^^^^^^^^^^^^^^^^^^^^^^^^^^^^^^^^^^^^^^^^^^^^^^^^
E   ModuleNotFoundError: No module named 'tests.test_multipart_installation'
_ ERROR collecting repo-testing/repos/medium_fastapi/tests/test_no_schema_split.py _
ImportError while importing test module 'D:\NewE\College\Project\project-brain\repo-testing\repos\medium_fastapi\tests\test_no_schema_split.py'.
Hint: make sure your test modules/packages have valid Python names.
Traceback:
C:\Python314\Lib\importlib\__init__.py:88: in import_module
    return _bootstrap._gcd_import(name[level:], package, level)
           ^^^^^^^^^^^^^^^^^^^^^^^^^^^^^^^^^^^^^^^^^^^^^^^^^^^^
E   ModuleNotFoundError: No module named 'tests.test_no_schema_split'
_ ERROR collecting repo-testing/repos/medium_fastapi/tests/test_no_swagger_ui_redirect.py _
ImportError while importing test module 'D:\NewE\College\Project\project-brain\repo-testing\repos\medium_fastapi\tests\test_no_swagger_ui_redirect.py'.
Hint: make sure your test modules/packages have valid Python names.
Traceback:
C:\Python314\Lib\importlib\__init__.py:88: in import_module
    return _bootstrap._gcd_import(name[level:], package, level)
           ^^^^^^^^^^^^^^^^^^^^^^^^^^^^^^^^^^^^^^^^^^^^^^^^^^^^
E   ModuleNotFoundError: No module named 'tests.test_no_swagger_ui_redirect'
_ ERROR collecting repo-testing/repos/medium_fastapi/tests/test_openapi_cache_root_path.py _
ImportError while importing test module 'D:\NewE\College\Project\project-brain\repo-testing\repos\medium_fastapi\tests\test_openapi_cache_root_path.py'.
Hint: make sure your test modules/packages have valid Python names.
Traceback:
C:\Python314\Lib\importlib\__init__.py:88: in import_module
    return _bootstrap._gcd_import(name[level:], package, level)
           ^^^^^^^^^^^^^^^^^^^^^^^^^^^^^^^^^^^^^^^^^^^^^^^^^^^^
E   ModuleNotFoundError: No module named 'tests.test_openapi_cache_root_path'
_ ERROR collecting repo-testing/repos/medium_fastapi/tests/test_openapi_examples.py _
ImportError while importing test module 'D:\NewE\College\Project\project-brain\repo-testing\repos\medium_fastapi\tests\test_openapi_examples.py'.
Hint: make sure your test modules/packages have valid Python names.
Traceback:
C:\Python314\Lib\importlib\__init__.py:88: in import_module
    return _bootstrap._gcd_import(name[level:], package, level)
           ^^^^^^^^^^^^^^^^^^^^^^^^^^^^^^^^^^^^^^^^^^^^^^^^^^^^
E   ModuleNotFoundError: No module named 'tests.test_openapi_examples'
_ ERROR collecting repo-testing/repos/medium_fastapi/tests/test_openapi_model_description_trim_on_formfeed.py _
ImportError while importing test module 'D:\NewE\College\Project\project-brain\repo-testing\repos\medium_fastapi\tests\test_openapi_model_description_trim_on_formfeed.py'.
Hint: make sure your test modules/packages have valid Python names.
Traceback:
C:\Python314\Lib\importlib\__init__.py:88: in import_module
    return _bootstrap._gcd_import(name[level:], package, level)
           ^^^^^^^^^^^^^^^^^^^^^^^^^^^^^^^^^^^^^^^^^^^^^^^^^^^^
E   ModuleNotFoundError: No module named 'tests.test_openapi_model_description_trim_on_formfeed'
_ ERROR collecting repo-testing/repos/medium_fastapi/tests/test_openapi_query_parameter_extension.py _
ImportError while importing test module 'D:\NewE\College\Project\project-brain\repo-testing\repos\medium_fastapi\tests\test_openapi_query_parameter_extension.py'.
Hint: make sure your test modules/packages have valid Python names.
Traceback:
C:\Python314\Lib\importlib\__init__.py:88: in import_module
    return _bootstrap._gcd_import(name[level:], package, level)
           ^^^^^^^^^^^^^^^^^^^^^^^^^^^^^^^^^^^^^^^^^^^^^^^^^^^^
E   ModuleNotFoundError: No module named 'tests.test_openapi_query_parameter_extension'
_ ERROR collecting repo-testing/repos/medium_fastapi/tests/test_openapi_route_extensions.py _
ImportError while importing test module 'D:\NewE\College\Project\project-brain\repo-testing\repos\medium_fastapi\tests\test_openapi_route_extensions.py'.
Hint: make sure your test modules/packages have valid Python names.
Traceback:
C:\Python314\Lib\importlib\__init__.py:88: in import_module
    return _bootstrap._gcd_import(name[level:], package, level)
           ^^^^^^^^^^^^^^^^^^^^^^^^^^^^^^^^^^^^^^^^^^^^^^^^^^^^
E   ModuleNotFoundError: No module named 'tests.test_openapi_route_extensions'
_ ERROR collecting repo-testing/repos/medium_fastapi/tests/test_openapi_schema_type.py _
ImportError while importing test module 'D:\NewE\College\Project\project-brain\repo-testing\repos\medium_fastapi\tests\test_openapi_schema_type.py'.
Hint: make sure your test modules/packages have valid Python names.
Traceback:
C:\Python314\Lib\importlib\__init__.py:88: in import_module
    return _bootstrap._gcd_import(name[level:], package, level)
           ^^^^^^^^^^^^^^^^^^^^^^^^^^^^^^^^^^^^^^^^^^^^^^^^^^^^
E   ModuleNotFoundError: No module named 'tests.test_openapi_schema_type'
_ ERROR collecting repo-testing/repos/medium_fastapi/tests/test_openapi_separate_input_output_schemas.py _
ImportError while importing test module 'D:\NewE\College\Project\project-brain\repo-testing\repos\medium_fastapi\tests\test_openapi_separate_input_output_schemas.py'.
Hint: make sure your test modules/packages have valid Python names.
Traceback:
C:\Python314\Lib\importlib\__init__.py:88: in import_module
    return _bootstrap._gcd_import(name[level:], package, level)
           ^^^^^^^^^^^^^^^^^^^^^^^^^^^^^^^^^^^^^^^^^^^^^^^^^^^^
E   ModuleNotFoundError: No module named 'tests.test_openapi_separate_input_output_schemas'
_ ERROR collecting repo-testing/repos/medium_fastapi/tests/test_openapi_servers.py _
ImportError while importing test module 'D:\NewE\College\Project\project-brain\repo-testing\repos\medium_fastapi\tests\test_openapi_servers.py'.
Hint: make sure your test modules/packages have valid Python names.
Traceback:
C:\Python314\Lib\importlib\__init__.py:88: in import_module
    return _bootstrap._gcd_import(name[level:], package, level)
           ^^^^^^^^^^^^^^^^^^^^^^^^^^^^^^^^^^^^^^^^^^^^^^^^^^^^
E   ModuleNotFoundError: No module named 'tests.test_openapi_servers'
_ ERROR collecting repo-testing/repos/medium_fastapi/tests/test_operations_signatures.py _
ImportError while importing test module 'D:\NewE\College\Project\project-brain\repo-testing\repos\medium_fastapi\tests\test_operations_signatures.py'.
Hint: make sure your test modules/packages have valid Python names.
Traceback:
C:\Python314\Lib\importlib\__init__.py:88: in import_module
    return _bootstrap._gcd_import(name[level:], package, level)
           ^^^^^^^^^^^^^^^^^^^^^^^^^^^^^^^^^^^^^^^^^^^^^^^^^^^^
E   ModuleNotFoundError: No module named 'tests.test_operations_signatures'
_ ERROR collecting repo-testing/repos/medium_fastapi/tests/test_optional_file_list.py _
ImportError while importing test module 'D:\NewE\College\Project\project-brain\repo-testing\repos\medium_fastapi\tests\test_optional_file_list.py'.
Hint: make sure your test modules/packages have valid Python names.
Traceback:
C:\Python314\Lib\importlib\__init__.py:88: in import_module
    return _bootstrap._gcd_import(name[level:], package, level)
           ^^^^^^^^^^^^^^^^^^^^^^^^^^^^^^^^^^^^^^^^^^^^^^^^^^^^
E   ModuleNotFoundError: No module named 'tests.test_optional_file_list'
_ ERROR collecting repo-testing/repos/medium_fastapi/tests/test_orjson_response_class.py _
ImportError while importing test module 'D:\NewE\College\Project\project-brain\repo-testing\repos\medium_fastapi\tests\test_orjson_response_class.py'.
Hint: make sure your test modules/packages have valid Python names.
Traceback:
C:\Python314\Lib\importlib\__init__.py:88: in import_module
    return _bootstrap._gcd_import(name[level:], package, level)
           ^^^^^^^^^^^^^^^^^^^^^^^^^^^^^^^^^^^^^^^^^^^^^^^^^^^^
E   ModuleNotFoundError: No module named 'tests.test_orjson_response_class'
_ ERROR collecting repo-testing/repos/medium_fastapi/tests/test_param_class.py _
ImportError while importing test module 'D:\NewE\College\Project\project-brain\repo-testing\repos\medium_fastapi\tests\test_param_class.py'.
Hint: make sure your test modules/packages have valid Python names.
Traceback:
C:\Python314\Lib\importlib\__init__.py:88: in import_module
    return _bootstrap._gcd_import(name[level:], package, level)
           ^^^^^^^^^^^^^^^^^^^^^^^^^^^^^^^^^^^^^^^^^^^^^^^^^^^^
E   ModuleNotFoundError: No module named 'tests.test_param_class'
_ ERROR collecting repo-testing/repos/medium_fastapi/tests/test_param_in_path_and_dependency.py _
ImportError while importing test module 'D:\NewE\College\Project\project-brain\repo-testing\repos\medium_fastapi\tests\test_param_in_path_and_dependency.py'.
Hint: make sure your test modules/packages have valid Python names.
Traceback:
C:\Python314\Lib\importlib\__init__.py:88: in import_module
    return _bootstrap._gcd_import(name[level:], package, level)
           ^^^^^^^^^^^^^^^^^^^^^^^^^^^^^^^^^^^^^^^^^^^^^^^^^^^^
E   ModuleNotFoundError: No module named 'tests.test_param_in_path_and_dependency'
_ ERROR collecting repo-testing/repos/medium_fastapi/tests/test_param_include_in_schema.py _
ImportError while importing test module 'D:\NewE\College\Project\project-brain\repo-testing\repos\medium_fastapi\tests\test_param_include_in_schema.py'.
Hint: make sure your test modules/packages have valid Python names.
Traceback:
C:\Python314\Lib\importlib\__init__.py:88: in import_module
    return _bootstrap._gcd_import(name[level:], package, level)
           ^^^^^^^^^^^^^^^^^^^^^^^^^^^^^^^^^^^^^^^^^^^^^^^^^^^^
E   ModuleNotFoundError: No module named 'tests.test_param_include_in_schema'
_ ERROR collecting repo-testing/repos/medium_fastapi/tests/test_params_repr.py _
ImportError while importing test module 'D:\NewE\College\Project\project-brain\repo-testing\repos\medium_fastapi\tests\test_params_repr.py'.
Hint: make sure your test modules/packages have valid Python names.
Traceback:
C:\Python314\Lib\importlib\__init__.py:88: in import_module
    return _bootstrap._gcd_import(name[level:], package, level)
           ^^^^^^^^^^^^^^^^^^^^^^^^^^^^^^^^^^^^^^^^^^^^^^^^^^^^
E   ModuleNotFoundError: No module named 'tests.test_params_repr'
____ ERROR collecting repo-testing/repos/medium_fastapi/tests/test_path.py ____
ImportError while importing test module 'D:\NewE\College\Project\project-brain\repo-testing\repos\medium_fastapi\tests\test_path.py'.
Hint: make sure your test modules/packages have valid Python names.
Traceback:
C:\Python314\Lib\importlib\__init__.py:88: in import_module
    return _bootstrap._gcd_import(name[level:], package, level)
           ^^^^^^^^^^^^^^^^^^^^^^^^^^^^^^^^^^^^^^^^^^^^^^^^^^^^
E   ModuleNotFoundError: No module named 'tests.test_path'
_ ERROR collecting repo-testing/repos/medium_fastapi/tests/test_put_no_body.py _
ImportError while importing test module 'D:\NewE\College\Project\project-brain\repo-testing\repos\medium_fastapi\tests\test_put_no_body.py'.
Hint: make sure your test modules/packages have valid Python names.
Traceback:
C:\Python314\Lib\importlib\__init__.py:88: in import_module
    return _bootstrap._gcd_import(name[level:], package, level)
           ^^^^^^^^^^^^^^^^^^^^^^^^^^^^^^^^^^^^^^^^^^^^^^^^^^^^
E   ModuleNotFoundError: No module named 'tests.test_put_no_body'
_ ERROR collecting repo-testing/repos/medium_fastapi/tests/test_pydantic_v1_error.py _
ImportError while importing test module 'D:\NewE\College\Project\project-brain\repo-testing\repos\medium_fastapi\tests\test_pydantic_v1_error.py'.
Hint: make sure your test modules/packages have valid Python names.
Traceback:
C:\Python314\Lib\importlib\__init__.py:88: in import_module
    return _bootstrap._gcd_import(name[level:], package, level)
           ^^^^^^^^^^^^^^^^^^^^^^^^^^^^^^^^^^^^^^^^^^^^^^^^^^^^
E   ModuleNotFoundError: No module named 'tests.test_pydantic_v1_error'
_ ERROR collecting repo-testing/repos/medium_fastapi/tests/test_pydanticv2_dataclasses_uuid_stringified_annotations.py _
ImportError while importing test module 'D:\NewE\College\Project\project-brain\repo-testing\repos\medium_fastapi\tests\test_pydanticv2_dataclasses_uuid_stringified_annotations.py'.
Hint: make sure your test modules/packages have valid Python names.
Traceback:
C:\Python314\Lib\importlib\__init__.py:88: in import_module
    return _bootstrap._gcd_import(name[level:], package, level)
           ^^^^^^^^^^^^^^^^^^^^^^^^^^^^^^^^^^^^^^^^^^^^^^^^^^^^
E   ModuleNotFoundError: No module named 'tests.test_pydanticv2_dataclasses_uuid_stringified_annotations'
___ ERROR collecting repo-testing/repos/medium_fastapi/tests/test_query.py ____
ImportError while importing test module 'D:\NewE\College\Project\project-brain\repo-testing\repos\medium_fastapi\tests\test_query.py'.
Hint: make sure your test modules/packages have valid Python names.
Traceback:
C:\Python314\Lib\importlib\__init__.py:88: in import_module
    return _bootstrap._gcd_import(name[level:], package, level)
           ^^^^^^^^^^^^^^^^^^^^^^^^^^^^^^^^^^^^^^^^^^^^^^^^^^^^
E   ModuleNotFoundError: No module named 'tests.test_query'
_ ERROR collecting repo-testing/repos/medium_fastapi/tests/test_query_cookie_header_model_extra_params.py _
ImportError while importing test module 'D:\NewE\College\Project\project-brain\repo-testing\repos\medium_fastapi\tests\test_query_cookie_header_model_extra_params.py'.
Hint: make sure your test modules/packages have valid Python names.
Traceback:
C:\Python314\Lib\importlib\__init__.py:88: in import_module
    return _bootstrap._gcd_import(name[level:], package, level)
           ^^^^^^^^^^^^^^^^^^^^^^^^^^^^^^^^^^^^^^^^^^^^^^^^^^^^
E   ModuleNotFoundError: No module named 'tests.test_query_cookie_header_model_extra_params'
_ ERROR collecting repo-testing/repos/medium_fastapi/tests/test_read_with_orm_mode.py _
ImportError while importing test module 'D:\NewE\College\Project\project-brain\repo-testing\repos\medium_fastapi\tests\test_read_with_orm_mode.py'.
Hint: make sure your test modules/packages have valid Python names.
Traceback:
C:\Python314\Lib\importlib\__init__.py:88: in import_module
    return _bootstrap._gcd_import(name[level:], package, level)
           ^^^^^^^^^^^^^^^^^^^^^^^^^^^^^^^^^^^^^^^^^^^^^^^^^^^^
E   ModuleNotFoundError: No module named 'tests.test_read_with_orm_mode'
_ ERROR collecting repo-testing/repos/medium_fastapi/tests/test_regex_deprecated_body.py _
ImportError while importing test module 'D:\NewE\College\Project\project-brain\repo-testing\repos\medium_fastapi\tests\test_regex_deprecated_body.py'.
Hint: make sure your test modules/packages have valid Python names.
Traceback:
C:\Python314\Lib\importlib\__init__.py:88: in import_module
    return _bootstrap._gcd_import(name[level:], package, level)
           ^^^^^^^^^^^^^^^^^^^^^^^^^^^^^^^^^^^^^^^^^^^^^^^^^^^^
E   ModuleNotFoundError: No module named 'tests.test_regex_deprecated_body'
_ ERROR collecting repo-testing/repos/medium_fastapi/tests/test_regex_deprecated_params.py _
ImportError while importing test module 'D:\NewE\College\Project\project-brain\repo-testing\repos\medium_fastapi\tests\test_regex_deprecated_params.py'.
Hint: make sure your test modules/packages have valid Python names.
Traceback:
C:\Python314\Lib\importlib\__init__.py:88: in import_module
    return _bootstrap._gcd_import(name[level:], package, level)
           ^^^^^^^^^^^^^^^^^^^^^^^^^^^^^^^^^^^^^^^^^^^^^^^^^^^^
E   ModuleNotFoundError: No module named 'tests.test_regex_deprecated_params'
_ ERROR collecting repo-testing/repos/medium_fastapi/tests/test_repeated_cookie_headers.py _
ImportError while importing test module 'D:\NewE\College\Project\project-brain\repo-testing\repos\medium_fastapi\tests\test_repeated_cookie_headers.py'.
Hint: make sure your test modules/packages have valid Python names.
Traceback:
C:\Python314\Lib\importlib\__init__.py:88: in import_module
    return _bootstrap._gcd_import(name[level:], package, level)
           ^^^^^^^^^^^^^^^^^^^^^^^^^^^^^^^^^^^^^^^^^^^^^^^^^^^^
E   ModuleNotFoundError: No module named 'tests.test_repeated_cookie_headers'
_ ERROR collecting repo-testing/repos/medium_fastapi/tests/test_repeated_dependency_schema.py _
ImportError while importing test module 'D:\NewE\College\Project\project-brain\repo-testing\repos\medium_fastapi\tests\test_repeated_dependency_schema.py'.
Hint: make sure your test modules/packages have valid Python names.
Traceback:
C:\Python314\Lib\importlib\__init__.py:88: in import_module
    return _bootstrap._gcd_import(name[level:], package, level)
           ^^^^^^^^^^^^^^^^^^^^^^^^^^^^^^^^^^^^^^^^^^^^^^^^^^^^
E   ModuleNotFoundError: No module named 'tests.test_repeated_dependency_schema'
_ ERROR collecting repo-testing/repos/medium_fastapi/tests/test_repeated_parameter_alias.py _
ImportError while importing test module 'D:\NewE\College\Project\project-brain\repo-testing\repos\medium_fastapi\tests\test_repeated_parameter_alias.py'.
Hint: make sure your test modules/packages have valid Python names.
Traceback:
C:\Python314\Lib\importlib\__init__.py:88: in import_module
    return _bootstrap._gcd_import(name[level:], package, level)
           ^^^^^^^^^^^^^^^^^^^^^^^^^^^^^^^^^^^^^^^^^^^^^^^^^^^^
E   ModuleNotFoundError: No module named 'tests.test_repeated_parameter_alias'
_ ERROR collecting repo-testing/repos/medium_fastapi/tests/test_request_body_parameters_media_type.py _
ImportError while importing test module 'D:\NewE\College\Project\project-brain\repo-testing\repos\medium_fastapi\tests\test_request_body_parameters_media_type.py'.
Hint: make sure your test modules/packages have valid Python names.
Traceback:
C:\Python314\Lib\importlib\__init__.py:88: in import_module
    return _bootstrap._gcd_import(name[level:], package, level)
           ^^^^^^^^^^^^^^^^^^^^^^^^^^^^^^^^^^^^^^^^^^^^^^^^^^^^
E   ModuleNotFoundError: No module named 'tests.test_request_body_parameters_media_type'
_ ERROR collecting repo-testing/repos/medium_fastapi/tests/test_request_param_model_by_alias.py _
ImportError while importing test module 'D:\NewE\College\Project\project-brain\repo-testing\repos\medium_fastapi\tests\test_request_param_model_by_alias.py'.
Hint: make sure your test modules/packages have valid Python names.
Traceback:
C:\Python314\Lib\importlib\__init__.py:88: in import_module
    return _bootstrap._gcd_import(name[level:], package, level)
           ^^^^^^^^^^^^^^^^^^^^^^^^^^^^^^^^^^^^^^^^^^^^^^^^^^^^
E   ModuleNotFoundError: No module named 'tests.test_request_param_model_by_alias'
_ ERROR collecting repo-testing/repos/medium_fastapi/tests/test_request_params/test_body/test_list.py _
ImportError while importing test module 'D:\NewE\College\Project\project-brain\repo-testing\repos\medium_fastapi\tests\test_request_params\test_body\test_list.py'.
Hint: make sure your test modules/packages have valid Python names.
Traceback:
C:\Python314\Lib\importlib\__init__.py:88: in import_module
    return _bootstrap._gcd_import(name[level:], package, level)
           ^^^^^^^^^^^^^^^^^^^^^^^^^^^^^^^^^^^^^^^^^^^^^^^^^^^^
E   ModuleNotFoundError: No module named 'tests.test_request_params'
_ ERROR collecting repo-testing/repos/medium_fastapi/tests/test_request_params/test_body/test_optional_list.py _
ImportError while importing test module 'D:\NewE\College\Project\project-brain\repo-testing\repos\medium_fastapi\tests\test_request_params\test_body\test_optional_list.py'.
Hint: make sure your test modules/packages have valid Python names.
Traceback:
C:\Python314\Lib\importlib\__init__.py:88: in import_module
    return _bootstrap._gcd_import(name[level:], package, level)
           ^^^^^^^^^^^^^^^^^^^^^^^^^^^^^^^^^^^^^^^^^^^^^^^^^^^^
E   ModuleNotFoundError: No module named 'tests.test_request_params'
[...]
ERROR repo-testing/repos/medium_fastapi/tests/test_validate_response_dataclass.py
ERROR repo-testing/repos/medium_fastapi/tests/test_validate_response_recursive/test_validate_response_recursive.py
ERROR repo-testing/repos/medium_fastapi/tests/test_validation_error_context.py
ERROR repo-testing/repos/medium_fastapi/tests/test_webhooks_security.py
ERROR repo-testing/repos/medium_fastapi/tests/test_wrapped_method_forward_reference.py
ERROR repo-testing/repos/medium_fastapi/tests/test_ws_dependencies.py
ERROR repo-testing/repos/medium_fastapi/tests/test_ws_router.py
ERROR repo-testing/repos/medium_rich/tests - _pytest.pathlib.ImportPathMismat...
ERROR repo-testing/repos/small_flask/examples/javascript/tests - ModuleNotFou...
ERROR repo-testing/repos/small_flask/examples/tutorial/tests - ModuleNotFound...
ERROR repo-testing/repos/small_flask/tests - ModuleNotFoundError: No module n...
ERROR repo-testing/repos/small_typer/tests/test_ambiguous_params.py
ERROR repo-testing/repos/small_typer/tests/test_annotated.py
ERROR repo-testing/repos/small_typer/tests/test_callback_warning.py
ERROR repo-testing/repos/small_typer/tests/test_cli/test_app_other_name.py
ERROR repo-testing/repos/small_typer/tests/test_cli/test_completion_run.py
ERROR repo-testing/repos/small_typer/tests/test_cli/test_doc.py
ERROR repo-testing/repos/small_typer/tests/test_cli/test_empty_script.py
ERROR repo-testing/repos/small_typer/tests/test_cli/test_extending_app.py
ERROR repo-testing/repos/small_typer/tests/test_cli/test_extending_empty_app.py
ERROR repo-testing/repos/small_typer/tests/test_cli/test_func_other_name.py
ERROR repo-testing/repos/small_typer/tests/test_cli/test_help.py
ERROR repo-testing/repos/small_typer/tests/test_cli/test_multi_app.py
ERROR repo-testing/repos/small_typer/tests/test_cli/test_multi_app_cli.py
ERROR repo-testing/repos/small_typer/tests/test_cli/test_multi_app_sub.py
ERROR repo-testing/repos/small_typer/tests/test_cli/test_multi_func.py
ERROR repo-testing/repos/small_typer/tests/test_cli/test_not_python.py
ERROR repo-testing/repos/small_typer/tests/test_cli/test_sub.py
ERROR repo-testing/repos/small_typer/tests/test_cli/test_sub_completion.py
ERROR repo-testing/repos/small_typer/tests/test_cli/test_sub_help.py
ERROR repo-testing/repos/small_typer/tests/test_cli/test_version.py
ERROR repo-testing/repos/small_typer/tests/test_completion/test_completion.py
ERROR repo-testing/repos/small_typer/tests/test_completion/test_completion_complete.py
ERROR repo-testing/repos/small_typer/tests/test_completion/test_completion_complete_no_help.py
ERROR repo-testing/repos/small_typer/tests/test_completion/test_completion_complete_rich.py
ERROR repo-testing/repos/small_typer/tests/test_completion/test_completion_install.py
ERROR repo-testing/repos/small_typer/tests/test_completion/test_completion_option_colon.py
ERROR repo-testing/repos/small_typer/tests/test_completion/test_completion_path.py
ERROR repo-testing/repos/small_typer/tests/test_completion/test_completion_show.py
ERROR repo-testing/repos/small_typer/tests/test_completion/test_sanitization.py
ERROR repo-testing/repos/small_typer/tests/test_corner_cases.py
ERROR repo-testing/repos/small_typer/tests/test_deprecation.py
ERROR repo-testing/repos/small_typer/tests/test_exit_errors.py
ERROR repo-testing/repos/small_typer/tests/test_future_annotations.py
ERROR repo-testing/repos/small_typer/tests/test_launch.py
ERROR repo-testing/repos/small_typer/tests/test_others.py
ERROR repo-testing/repos/small_typer/tests/test_param_meta_empty.py
ERROR repo-testing/repos/small_typer/tests/test_prog_name.py
ERROR repo-testing/repos/small_typer/tests/test_rich_import.py
ERROR repo-testing/repos/small_typer/tests/test_rich_markup_mode.py
ERROR repo-testing/repos/small_typer/tests/test_rich_utils.py
ERROR repo-testing/repos/small_typer/tests/test_suggest_commands.py
ERROR repo-testing/repos/small_typer/tests/test_tracebacks.py
ERROR repo-testing/repos/small_typer/tests/test_tutorial/test_app_dir/test_tutorial001.py
ERROR repo-testing/repos/small_typer/tests/test_tutorial/test_arguments/test_default/test_tutorial001.py
ERROR repo-testing/repos/small_typer/tests/test_tutorial/test_arguments/test_default/test_tutorial002.py
ERROR repo-testing/repos/small_typer/tests/test_tutorial/test_arguments/test_envvar/test_tutorial001.py
ERROR repo-testing/repos/small_typer/tests/test_tutorial/test_arguments/test_envvar/test_tutorial002.py
ERROR repo-testing/repos/small_typer/tests/test_tutorial/test_arguments/test_envvar/test_tutorial003.py
ERROR repo-testing/repos/small_typer/tests/test_tutorial/test_arguments/test_help/test_tutorial001.py
ERROR repo-testing/repos/small_typer/tests/test_tutorial/test_arguments/test_help/test_tutorial002.py
ERROR repo-testing/repos/small_typer/tests/test_tutorial/test_arguments/test_help/test_tutorial003.py
ERROR repo-testing/repos/small_typer/tests/test_tutorial/test_arguments/test_help/test_tutorial004.py
ERROR repo-testing/repos/small_typer/tests/test_tutorial/test_arguments/test_help/test_tutorial005.py
ERROR repo-testing/repos/small_typer/tests/test_tutorial/test_arguments/test_help/test_tutorial006.py
ERROR repo-testing/repos/small_typer/tests/test_tutorial/test_arguments/test_help/test_tutorial007.py
ERROR repo-testing/repos/small_typer/tests/test_tutorial/test_arguments/test_help/test_tutorial008.py
ERROR repo-testing/repos/small_typer/tests/test_tutorial/test_arguments/test_optional/test_tutorial000.py
ERROR repo-testing/repos/small_typer/tests/test_tutorial/test_arguments/test_optional/test_tutorial001.py
ERROR repo-testing/repos/small_typer/tests/test_tutorial/test_arguments/test_optional/test_tutorial002.py
ERROR repo-testing/repos/small_typer/tests/test_tutorial/test_arguments/test_optional/test_tutorial003.py
ERROR repo-testing/repos/small_typer/tests/test_tutorial/test_commands/test_arguments/test_tutorial001.py
ERROR repo-testing/repos/small_typer/tests/test_tutorial/test_commands/test_callback/test_tutorial001.py
ERROR repo-testing/repos/small_typer/tests/test_tutorial/test_commands/test_callback/test_tutorial002.py
ERROR repo-testing/repos/small_typer/tests/test_tutorial/test_commands/test_callback/test_tutorial003.py
ERROR repo-testing/repos/small_typer/tests/test_tutorial/test_commands/test_callback/test_tutorial004.py
ERROR repo-testing/repos/small_typer/tests/test_tutorial/test_commands/test_context/test_tutorial001.py
ERROR repo-testing/repos/small_typer/tests/test_tutorial/test_commands/test_context/test_tutorial002.py
ERROR repo-testing/repos/small_typer/tests/test_tutorial/test_commands/test_context/test_tutorial003.py
ERROR repo-testing/repos/small_typer/tests/test_tutorial/test_commands/test_context/test_tutorial004.py
ERROR repo-testing/repos/small_typer/tests/test_tutorial/test_commands/test_help/test_tutorial001.py
ERROR repo-testing/repos/small_typer/tests/test_tutorial/test_commands/test_help/test_tutorial002.py
ERROR repo-testing/repos/small_typer/tests/test_tutorial/test_commands/test_help/test_tutorial003.py
ERROR repo-testing/repos/small_typer/tests/test_tutorial/test_commands/test_help/test_tutorial004.py
ERROR repo-testing/repos/small_typer/tests/test_tutorial/test_commands/test_help/test_tutorial005.py
ERROR repo-testing/repos/small_typer/tests/test_tutorial/test_commands/test_help/test_tutorial006.py
ERROR repo-testing/repos/small_typer/tests/test_tutorial/test_commands/test_help/test_tutorial007.py
ERROR repo-testing/repos/small_typer/tests/test_tutorial/test_commands/test_help/test_tutorial008.py
ERROR repo-testing/repos/small_typer/tests/test_tutorial/test_commands/test_index/test_tutorial002.py
ERROR repo-testing/repos/small_typer/tests/test_tutorial/test_commands/test_index/test_tutorial003.py
ERROR repo-testing/repos/small_typer/tests/test_tutorial/test_commands/test_index/test_tutorial004.py
ERROR repo-testing/repos/small_typer/tests/test_tutorial/test_commands/test_index/test_tutorial005.py
ERROR repo-testing/repos/small_typer/tests/test_tutorial/test_commands/test_name/test_tutorial001.py
ERROR repo-testing/repos/small_typer/tests/test_tutorial/test_commands/test_one_or_multiple/test_tutorial001.py
ERROR repo-testing/repos/small_typer/tests/test_tutorial/test_commands/test_one_or_multiple/test_tutorial002.py
ERROR repo-testing/repos/small_typer/tests/test_tutorial/test_commands/test_options/test_tutorial001.py
ERROR repo-testing/repos/small_typer/tests/test_tutorial/test_exceptions/test_tutorial001.py
ERROR repo-testing/repos/small_typer/tests/test_tutorial/test_exceptions/test_tutorial002.py
ERROR repo-testing/repos/small_typer/tests/test_tutorial/test_exceptions/test_tutorial003.py
ERROR repo-testing/repos/small_typer/tests/test_tutorial/test_exceptions/test_tutorial004.py
ERROR repo-testing/repos/small_typer/tests/test_tutorial/test_first_steps/test_tutorial001.py
ERROR repo-testing/repos/small_typer/tests/test_tutorial/test_first_steps/test_tutorial002.py
ERROR repo-testing/repos/small_typer/tests/test_tutorial/test_first_steps/test_tutorial003.py
ERROR repo-testing/repos/small_typer/tests/test_tutorial/test_first_steps/test_tutorial004.py
ERROR repo-testing/repos/small_typer/tests/test_tutorial/test_first_steps/test_tutorial005.py
ERROR repo-testing/repos/small_typer/tests/test_tutorial/test_first_steps/test_tutorial006.py
ERROR repo-testing/repos/small_typer/tests/test_tutorial/test_multiple_values/test_arguments_with_multiple_values/test_tutorial001.py
ERROR repo-testing/repos/small_typer/tests/test_tutorial/test_multiple_values/test_arguments_with_multiple_values/test_tutorial002.py
ERROR repo-testing/repos/small_typer/tests/test_tutorial/test_multiple_values/test_multiple_options/test_tutorial001.py
ERROR repo-testing/repos/small_typer/tests/test_tutorial/test_multiple_values/test_multiple_options/test_tutorial002.py
ERROR repo-testing/repos/small_typer/tests/test_tutorial/test_multiple_values/test_options_with_multiple_values/test_tutorial001.py
ERROR repo-testing/repos/small_typer/tests/test_tutorial/test_one_file_per_command/test_tutorial.py
ERROR repo-testing/repos/small_typer/tests/test_tutorial/test_options/test_callback/test_tutorial001.py
ERROR repo-testing/repos/small_typer/tests/test_tutorial/test_options/test_callback/test_tutorial002.py
ERROR repo-testing/repos/small_typer/tests/test_tutorial/test_options/test_callback/test_tutorial003.py
ERROR repo-testing/repos/small_typer/tests/test_tutorial/test_options/test_callback/test_tutorial004.py
ERROR repo-testing/repos/small_typer/tests/test_tutorial/test_options/test_help/test_tutorial001.py
ERROR repo-testing/repos/small_typer/tests/test_tutorial/test_options/test_help/test_tutorial002.py
ERROR repo-testing/repos/small_typer/tests/test_tutorial/test_options/test_help/test_tutorial003.py
ERROR repo-testing/repos/small_typer/tests/test_tutorial/test_options/test_help/test_tutorial004.py
ERROR repo-testing/repos/small_typer/tests/test_tutorial/test_options/test_name/test_tutorial001.py
ERROR repo-testing/repos/small_typer/tests/test_tutorial/test_options/test_name/test_tutorial002.py
ERROR repo-testing/repos/small_typer/tests/test_tutorial/test_options/test_name/test_tutorial003.py
ERROR repo-testing/repos/small_typer/tests/test_tutorial/test_options/test_name/test_tutorial004.py
ERROR repo-testing/repos/small_typer/tests/test_tutorial/test_options/test_name/test_tutorial005.py
ERROR repo-testing/repos/small_typer/tests/test_tutorial/test_options/test_password/test_tutorial001.py
ERROR repo-testing/repos/small_typer/tests/test_tutorial/test_options/test_password/test_tutorial002.py
ERROR repo-testing/repos/small_typer/tests/test_tutorial/test_options/test_prompt/test_tutorial001.py
ERROR repo-testing/repos/small_typer/tests/test_tutorial/test_options/test_prompt/test_tutorial002.py
ERROR repo-testing/repos/small_typer/tests/test_tutorial/test_options/test_prompt/test_tutorial003.py
ERROR repo-testing/repos/small_typer/tests/test_tutorial/test_options/test_required/test_tutorial001_tutorial002.py
ERROR repo-testing/repos/small_typer/tests/test_tutorial/test_options/test_version/test_tutorial001.py
ERROR repo-testing/repos/small_typer/tests/test_tutorial/test_options/test_version/test_tutorial002.py
ERROR repo-testing/repos/small_typer/tests/test_tutorial/test_options/test_version/test_tutorial003.py
ERROR repo-testing/repos/small_typer/tests/test_tutorial/test_options_autocompletion/test_tutorial001.py
ERROR repo-testing/repos/small_typer/tests/test_tutorial/test_options_autocompletion/test_tutorial002.py
ERROR repo-testing/repos/small_typer/tests/test_tutorial/test_options_autocompletion/test_tutorial003.py
ERROR repo-testing/repos/small_typer/tests/test_tutorial/test_options_autocompletion/test_tutorial004_tutorial005.py
ERROR repo-testing/repos/small_typer/tests/test_tutorial/test_options_autocompletion/test_tutorial006.py
ERROR repo-testing/repos/small_typer/tests/test_tutorial/test_options_autocompletion/test_tutorial007.py
ERROR repo-testing/repos/small_typer/tests/test_tutorial/test_options_autocompletion/test_tutorial008.py
ERROR repo-testing/repos/small_typer/tests/test_tutorial/test_options_autocompletion/test_tutorial009.py
ERROR repo-testing/repos/small_typer/tests/test_tutorial/test_parameter_types/test_bool/test_tutorial001.py
ERROR repo-testing/repos/small_typer/tests/test_tutorial/test_parameter_types/test_bool/test_tutorial002.py
ERROR repo-testing/repos/small_typer/tests/test_tutorial/test_parameter_types/test_bool/test_tutorial003.py
ERROR repo-testing/repos/small_typer/tests/test_tutorial/test_parameter_types/test_bool/test_tutorial004.py
ERROR repo-testing/repos/small_typer/tests/test_tutorial/test_parameter_types/test_custom_types/test_tutorial001.py
ERROR repo-testing/repos/small_typer/tests/test_tutorial/test_parameter_types/test_datetime/test_tutorial001.py
ERROR repo-testing/repos/small_typer/tests/test_tutorial/test_parameter_types/test_datetime/test_tutorial002.py
ERROR repo-testing/repos/small_typer/tests/test_tutorial/test_parameter_types/test_enum/test_tutorial001.py
ERROR repo-testing/repos/small_typer/tests/test_tutorial/test_parameter_types/test_enum/test_tutorial002.py
ERROR repo-testing/repos/small_typer/tests/test_tutorial/test_parameter_types/test_enum/test_tutorial003.py
ERROR repo-testing/repos/small_typer/tests/test_tutorial/test_parameter_types/test_enum/test_tutorial004.py
ERROR repo-testing/repos/small_typer/tests/test_tutorial/test_parameter_types/test_file/test_tutorial001.py
ERROR repo-testing/repos/small_typer/tests/test_tutorial/test_parameter_types/test_file/test_tutorial002.py
ERROR repo-testing/repos/small_typer/tests/test_tutorial/test_parameter_types/test_file/test_tutorial003.py
ERROR repo-testing/repos/small_typer/tests/test_tutorial/test_parameter_types/test_file/test_tutorial004.py
ERROR repo-testing/repos/small_typer/tests/test_tutorial/test_parameter_types/test_file/test_tutorial005.py
ERROR repo-testing/repos/small_typer/tests/test_tutorial/test_parameter_types/test_index/test_tutorial001.py
ERROR repo-testing/repos/small_typer/tests/test_tutorial/test_parameter_types/test_number/test_tutorial001.py
ERROR repo-testing/repos/small_typer/tests/test_tutorial/test_parameter_types/test_number/test_tutorial002.py
ERROR repo-testing/repos/small_typer/tests/test_tutorial/test_parameter_types/test_number/test_tutorial003.py
ERROR repo-testing/repos/small_typer/tests/test_tutorial/test_parameter_types/test_path/test_tutorial001.py
ERROR repo-testing/repos/small_typer/tests/test_tutorial/test_parameter_types/test_path/test_tutorial002.py
ERROR repo-testing/repos/small_typer/tests/test_tutorial/test_parameter_types/test_uuid/test_tutorial001.py
ERROR repo-testing/repos/small_typer/tests/test_tutorial/test_printing/test_tutorial001.py
ERROR repo-testing/repos/small_typer/tests/test_tutorial/test_printing/test_tutorial002.py
ERROR repo-testing/repos/small_typer/tests/test_tutorial/test_printing/test_tutorial003.py
ERROR repo-testing/repos/small_typer/tests/test_tutorial/test_printing/test_tutorial004.py
ERROR repo-testing/repos/small_typer/tests/test_tutorial/test_printing/test_tutorial005.py
ERROR repo-testing/repos/small_typer/tests/test_tutorial/test_printing/test_tutorial006.py
ERROR repo-testing/repos/small_typer/tests/test_tutorial/test_progressbar/test_tutorial001.py
ERROR repo-testing/repos/small_typer/tests/test_tutorial/test_progressbar/test_tutorial002.py
ERROR repo-testing/repos/small_typer/tests/test_tutorial/test_progressbar/test_tutorial003.py
ERROR repo-testing/repos/small_typer/tests/test_tutorial/test_progressbar/test_tutorial004.py
ERROR repo-testing/repos/small_typer/tests/test_tutorial/test_progressbar/test_tutorial005.py
ERROR repo-testing/repos/small_typer/tests/test_tutorial/test_progressbar/test_tutorial006.py
ERROR repo-testing/repos/small_typer/tests/test_tutorial/test_prompt/test_tutorial001.py
ERROR repo-testing/repos/small_typer/tests/test_tutorial/test_prompt/test_tutorial002.py
ERROR repo-testing/repos/small_typer/tests/test_tutorial/test_prompt/test_tutorial003.py
ERROR repo-testing/repos/small_typer/tests/test_tutorial/test_prompt/test_tutorial004.py
ERROR repo-testing/repos/small_typer/tests/test_tutorial/test_subcommands/test_callback_override/test_tutorial001.py
ERROR repo-testing/repos/small_typer/tests/test_tutorial/test_subcommands/test_callback_override/test_tutorial002.py
ERROR repo-testing/repos/small_typer/tests/test_tutorial/test_subcommands/test_callback_override/test_tutorial003.py
ERROR repo-testing/repos/small_typer/tests/test_tutorial/test_subcommands/test_callback_override/test_tutorial004.py
ERROR repo-testing/repos/small_typer/tests/test_tutorial/test_subcommands/test_name_help/test_tutorial001.py
ERROR repo-testing/repos/small_typer/tests/test_tutorial/test_subcommands/test_name_help/test_tutorial002.py
ERROR repo-testing/repos/small_typer/tests/test_tutorial/test_subcommands/test_name_help/test_tutorial003.py
ERROR repo-testing/repos/small_typer/tests/test_tutorial/test_subcommands/test_name_help/test_tutorial004.py
ERROR repo-testing/repos/small_typer/tests/test_tutorial/test_subcommands/test_name_help/test_tutorial005.py
ERROR repo-testing/repos/small_typer/tests/test_tutorial/test_subcommands/test_name_help/test_tutorial006.py
ERROR repo-testing/repos/small_typer/tests/test_tutorial/test_subcommands/test_name_help/test_tutorial007.py
ERROR repo-testing/repos/small_typer/tests/test_tutorial/test_subcommands/test_name_help/test_tutorial008.py
ERROR repo-testing/repos/small_typer/tests/test_tutorial/test_subcommands/test_tutorial001.py
ERROR repo-testing/repos/small_typer/tests/test_tutorial/test_subcommands/test_tutorial002.py
ERROR repo-testing/repos/small_typer/tests/test_tutorial/test_subcommands/test_tutorial003.py
ERROR repo-testing/repos/small_typer/tests/test_tutorial/test_terminating/test_tutorial001.py
ERROR repo-testing/repos/small_typer/tests/test_tutorial/test_terminating/test_tutorial002.py
ERROR repo-testing/repos/small_typer/tests/test_tutorial/test_terminating/test_tutorial003.py
ERROR repo-testing/repos/small_typer/tests/test_tutorial/test_testing/test_app01.py
ERROR repo-testing/repos/small_typer/tests/test_tutorial/test_testing/test_app02.py
ERROR repo-testing/repos/small_typer/tests/test_tutorial/test_testing/test_app03.py
ERROR repo-testing/repos/small_typer/tests/test_tutorial/test_typer_app/test_tutorial001.py
ERROR repo-testing/repos/small_typer/tests/test_type_conversion.py
ERROR repo-testing/repos/small_typer/tests/test_types.py
ERROR tests/test_advanced_cli.py
ERROR tests/test_advanced_config.py
ERROR tests/test_advanced_diff.py
ERROR tests/test_advanced_edge_cases.py
ERROR tests/test_advanced_explain.py
ERROR tests/test_advanced_export.py
ERROR tests/test_advanced_logging.py
ERROR tests/test_analyzer.py
ERROR tests/test_cli.py
ERROR tests/test_config.py
ERROR tests/test_diff.py
!!!!!!!!!!!!!!!!!! Interrupted: 707 errors during collection !!!!!!!!!!!!!!!!!!
============================= 707 errors in 3.47s =============================
